
===========================================================================
report_checks -unconstrained
===========================================================================
======================= max_tt_025C_1v80 Corner ===================================

Startpoint: rst_n (input port clocked by clk)
Endpoint: _170_ (recovery check against rising-edge clock clk)
Path Group: asynchronous
Path Type: max

Fanout         Cap        Slew       Delay        Time   Description
---------------------------------------------------------------------------------------------
                                  0.000000    0.000000   clock clk (rise edge)
                                  0.000000    0.000000   clock network delay (propagated)
                                 10.000000   10.000000 ^ input external delay
     1    0.003348    0.022112    0.012282   10.012282 ^ rst_n (in)
                                                         rst_n (net)
                      0.022113    0.000000   10.012282 ^ input2/A (sky130_fd_sc_hd__buf_1)
     3    0.017564    0.210751    0.188275   10.200557 ^ input2/X (sky130_fd_sc_hd__buf_1)
                                                         net2 (net)
                      0.210763    0.001293   10.201850 ^ fanout12/A (sky130_fd_sc_hd__buf_1)
     5    0.029704    0.349354    0.326566   10.528417 ^ fanout12/X (sky130_fd_sc_hd__buf_1)
                                                         net12 (net)
                      0.349362    0.001469   10.529885 ^ fanout11/A (sky130_fd_sc_hd__buf_1)
     6    0.025006    0.295219    0.304847   10.834732 ^ fanout11/X (sky130_fd_sc_hd__buf_1)
                                                         net11 (net)
                      0.295227    0.001279   10.836012 ^ fanout10/A (sky130_fd_sc_hd__clkbuf_1)
     5    0.023339    0.275836    0.287841   11.123853 ^ fanout10/X (sky130_fd_sc_hd__clkbuf_1)
                                                         net10 (net)
                      0.275841    0.001052   11.124904 ^ max_cap31/A (sky130_fd_sc_hd__clkbuf_2)
     6    0.028945    0.161873    0.254489   11.379393 ^ max_cap31/X (sky130_fd_sc_hd__clkbuf_2)
                                                         net40 (net)
                      0.162042    0.003434   11.382827 ^ _170_/SET_B (sky130_fd_sc_hd__dfstp_1)
                                             11.382827   data arrival time

                                 50.000000   50.000000   clock clk (rise edge)
                                  0.000000   50.000000   clock source latency
     2    0.026063    0.122843    0.085102   50.085098 ^ clk (in)
                                                         clk (net)
                      0.122870    0.000000   50.085098 ^ clkbuf_regs_0_clk/A (sky130_fd_sc_hd__clkbuf_16)
     1    0.008957    0.032530    0.143459   50.228558 ^ clkbuf_regs_0_clk/X (sky130_fd_sc_hd__clkbuf_16)
                                                         clk_regs (net)
                      0.032534    0.000682   50.229240 ^ clkbuf_0_clk_regs/A (sky130_fd_sc_hd__clkbuf_16)
     4    0.042173    0.061718    0.138439   50.367680 ^ clkbuf_0_clk_regs/X (sky130_fd_sc_hd__clkbuf_16)
                                                         clknet_0_clk_regs (net)
                      0.061814    0.002075   50.369755 ^ clkbuf_2_2__f_clk_regs/A (sky130_fd_sc_hd__clkbuf_16)
     8    0.026713    0.047909    0.137508   50.507263 ^ clkbuf_2_2__f_clk_regs/X (sky130_fd_sc_hd__clkbuf_16)
                                                         clknet_2_2__leaf_clk_regs (net)
                      0.047978    0.001570   50.508831 ^ _170_/CLK (sky130_fd_sc_hd__dfstp_1)
                                 -0.250000   50.258831   clock uncertainty
                                  0.000000   50.258831   clock reconvergence pessimism
                                  0.127061   50.385891   library recovery time
                                             50.385891   data required time
---------------------------------------------------------------------------------------------
                                             50.385891   data required time
                                            -11.382827   data arrival time
---------------------------------------------------------------------------------------------
                                             39.003063   slack (MET)


Startpoint: clk (clock source 'clk')
Endpoint: clk_comp (output port clocked by clk)
Path Group: clk
Path Type: max

Fanout         Cap        Slew       Delay        Time   Description
---------------------------------------------------------------------------------------------
                                 25.000000   25.000000   clock clk (fall edge)
                                  0.000000   25.000000   clock source latency
     2    0.024075    0.054717    0.038982   25.038980 v clk (in)
                                                         clk (net)
                      0.054753    0.000000   25.038980 v clkbuf_0_clk/A (sky130_fd_sc_hd__clkbuf_16)
     1    0.007283    0.028117    0.141167   25.180149 v clkbuf_0_clk/X (sky130_fd_sc_hd__clkbuf_16)
                                                         clknet_0_clk (net)
                      0.028120    0.000560   25.180708 v clkbuf_1_0__f_clk/A (sky130_fd_sc_hd__clkbuf_16)
     1    0.005537    0.026863    0.127233   25.307941 v clkbuf_1_0__f_clk/X (sky130_fd_sc_hd__clkbuf_16)
                                                         clknet_1_0__leaf_clk (net)
                      0.026864    0.000394   25.308336 v _092_/B (sky130_fd_sc_hd__nor2_2)
     1    0.003123    0.064595    0.065075   25.373411 ^ _092_/Y (sky130_fd_sc_hd__nor2_2)
                                                         net3 (net)
                      0.064595    0.000222   25.373632 ^ output3/A (sky130_fd_sc_hd__buf_1)
     1    0.034128    0.400496    0.334149   25.707781 ^ output3/X (sky130_fd_sc_hd__buf_1)
                                                         clk_comp (net)
                      0.400506    0.001661   25.709442 ^ clk_comp (out)
                                             25.709442   data arrival time

                                 50.000000   50.000000   clock clk (rise edge)
                                  0.000000   50.000000   clock network delay (propagated)
                                 -0.250000   49.749996   clock uncertainty
                                  0.000000   49.749996   clock reconvergence pessimism
                                -10.000000   39.749996   output external delay
                                             39.749996   data required time
---------------------------------------------------------------------------------------------
                                             39.749996   data required time
                                            -25.709442   data arrival time
---------------------------------------------------------------------------------------------
                                             14.040554   slack (MET)




===========================================================================
report_checks --slack_max -0.01
============================================================================
======================= max_tt_025C_1v80 Corner ===================================

No paths found.


===========================================================================
 report_check_types -max_slew -max_cap -max_fanout -violators
============================================================================
======================= max_tt_025C_1v80 Corner ===================================



===========================================================================
report_parasitic_annotation -report_unannotated
============================================================================
Found 4 unannotated drivers.
 out_comp_n
 clkload0/Y
 clkload1/Y
 clkload2/Y
Found 0 partially unannotated drivers.

===========================================================================
max slew violation count 0
max fanout violation count 0
max cap violation count 0
============================================================================

===========================================================================
check_setup -verbose -unconstrained_endpoints -multiple_clock -no_clock -no_input_delay -loops -generated_clocks
===========================================================================
