
===========================================================================
report_checks -unconstrained
===========================================================================
======================= nom_tt_025C_1v80 Corner ===================================

Startpoint: rst_n (input port clocked by clk)
Endpoint: _175_ (recovery check against rising-edge clock clk)
Path Group: asynchronous
Path Type: max

Fanout         Cap        Slew       Delay        Time   Description
---------------------------------------------------------------------------------------------
                                  0.000000    0.000000   clock clk (rise edge)
                                  0.000000    0.000000   clock network delay (propagated)
                                 10.000000   10.000000 ^ input external delay
     1    0.003426    0.022443    0.012520   10.012520 ^ rst_n (in)
                                                         rst_n (net)
                      0.022443    0.000000   10.012520 ^ fanout12/A (sky130_fd_sc_hd__clkbuf_1)
     4    0.016344    0.196772    0.179551   10.192072 ^ fanout12/X (sky130_fd_sc_hd__clkbuf_1)
                                                         net12 (net)
                      0.196773    0.000337   10.192409 ^ place50/A (sky130_fd_sc_hd__buf_1)
     7    0.029291    0.344542    0.322372   10.514780 ^ place50/X (sky130_fd_sc_hd__buf_1)
                                                         net50 (net)
                      0.344546    0.000971   10.515751 ^ place51/A (sky130_fd_sc_hd__clkbuf_1)
     2    0.007894    0.101969    0.169558   10.685309 ^ place51/X (sky130_fd_sc_hd__clkbuf_1)
                                                         net51 (net)
                      0.101969    0.000272   10.685580 ^ max_cap30/A (sky130_fd_sc_hd__buf_2)
     8    0.036662    0.181398    0.226496   10.912077 ^ max_cap30/X (sky130_fd_sc_hd__buf_2)
                                                         net31 (net)
                      0.181475    0.001671   10.913748 ^ _175_/SET_B (sky130_fd_sc_hd__dfstp_1)
                                             10.913748   data arrival time

                                 50.000000   50.000000   clock clk (rise edge)
                                  0.000000   50.000000   clock source latency
     2    0.021851    0.104027    0.071736   50.071735 ^ clk (in)
                                                         clk (net)
                      0.104045    0.000000   50.071735 ^ clkbuf_regs_0_clk/A (sky130_fd_sc_hd__clkbuf_16)
     1    0.008955    0.032487    0.136595   50.208328 ^ clkbuf_regs_0_clk/X (sky130_fd_sc_hd__clkbuf_16)
                                                         clk_regs (net)
                      0.032488    0.000330   50.208660 ^ clkbuf_0_clk_regs/A (sky130_fd_sc_hd__clkbuf_16)
     4    0.037732    0.057680    0.135433   50.344093 ^ clkbuf_0_clk_regs/X (sky130_fd_sc_hd__clkbuf_16)
                                                         clknet_0_clk_regs (net)
                      0.057707    0.001062   50.345154 ^ clkbuf_2_0__f_clk_regs/A (sky130_fd_sc_hd__clkbuf_16)
     9    0.023969    0.045352    0.133685   50.478840 ^ clkbuf_2_0__f_clk_regs/X (sky130_fd_sc_hd__clkbuf_16)
                                                         clknet_2_0__leaf_clk_regs (net)
                      0.045362    0.000636   50.479477 ^ _175_/CLK (sky130_fd_sc_hd__dfstp_1)
                                 -0.250000   50.229477   clock uncertainty
                                  0.000000   50.229477   clock reconvergence pessimism
                                  0.124461   50.353939   library recovery time
                                             50.353939   data required time
---------------------------------------------------------------------------------------------
                                             50.353939   data required time
                                            -10.913748   data arrival time
---------------------------------------------------------------------------------------------
                                             39.440189   slack (MET)


Startpoint: clk (clock source 'clk')
Endpoint: clk_comp (output port clocked by clk)
Path Group: clk
Path Type: max

Fanout         Cap        Slew       Delay        Time   Description
---------------------------------------------------------------------------------------------
                                 25.000000   25.000000   clock clk (fall edge)
                                  0.000000   25.000000   clock source latency
     2    0.019863    0.045649    0.032168   25.032167 v clk (in)
                                                         clk (net)
                      0.045674    0.000000   25.032167 v clkbuf_0_clk/A (sky130_fd_sc_hd__clkbuf_16)
     1    0.007722    0.028365    0.137465   25.169632 v clkbuf_0_clk/X (sky130_fd_sc_hd__clkbuf_16)
                                                         clknet_0_clk (net)
                      0.028366    0.000197   25.169830 v clkbuf_1_0__f_clk/A (sky130_fd_sc_hd__clkbuf_16)
     1    0.005405    0.026765    0.127228   25.297058 v clkbuf_1_0__f_clk/X (sky130_fd_sc_hd__clkbuf_16)
                                                         clknet_1_0__leaf_clk (net)
                      0.026765    0.000195   25.297253 v _092_/B (sky130_fd_sc_hd__nor2_2)
     1    0.003649    0.069452    0.069173   25.366426 ^ _092_/Y (sky130_fd_sc_hd__nor2_2)
                                                         net2 (net)
                      0.069452    0.000126   25.366552 ^ output2/A (sky130_fd_sc_hd__buf_1)
     1    0.035552    0.416639    0.347198   25.713751 ^ output2/X (sky130_fd_sc_hd__buf_1)
                                                         clk_comp (net)
                      0.416642    0.000956   25.714706 ^ clk_comp (out)
                                             25.714706   data arrival time

                                 50.000000   50.000000   clock clk (rise edge)
                                  0.000000   50.000000   clock network delay (propagated)
                                 -0.250000   49.749996   clock uncertainty
                                  0.000000   49.749996   clock reconvergence pessimism
                                -10.000000   39.749996   output external delay
                                             39.749996   data required time
---------------------------------------------------------------------------------------------
                                             39.749996   data required time
                                            -25.714706   data arrival time
---------------------------------------------------------------------------------------------
                                             14.035291   slack (MET)




===========================================================================
report_checks --slack_max -0.01
============================================================================
======================= nom_tt_025C_1v80 Corner ===================================

No paths found.


===========================================================================
 report_check_types -max_slew -max_cap -max_fanout -violators
============================================================================
======================= nom_tt_025C_1v80 Corner ===================================



===========================================================================
report_parasitic_annotation -report_unannotated
============================================================================
Found 4 unannotated drivers.
 out_comp_n
 clkload0/X
 clkload1/X
 clkload2/Y
Found 0 partially unannotated drivers.

===========================================================================
max slew violation count 0
Writing metric design__max_slew_violation__count__corner:nom_tt_025C_1v80: 0
max fanout violation count 0
Writing metric design__max_fanout_violation__count__corner:nom_tt_025C_1v80: 0
max cap violation count 0
Writing metric design__max_cap_violation__count__corner:nom_tt_025C_1v80: 0
============================================================================

===========================================================================
check_setup -verbose -unconstrained_endpoints -multiple_clock -no_clock -no_input_delay -loops -generated_clocks
===========================================================================
