Reading timing models for corner max_tt_025C_1v80…
Reading timing library for the 'max_tt_025C_1v80' corner at '/foss/pdks/sky130A/libs.ref/sky130_fd_sc_hd/lib/sky130_fd_sc_hd__tt_025C_1v80.lib'…
Reading timing models for corner min_ss_100C_1v60…
Reading timing library for the 'min_ss_100C_1v60' corner at '/foss/pdks/sky130A/libs.ref/sky130_fd_sc_hd/lib/sky130_fd_sc_hd__ss_100C_1v60.lib'…
Reading timing models for corner nom_tt_025C_1v80…
Reading timing library for the 'nom_tt_025C_1v80' corner at '/foss/pdks/sky130A/libs.ref/sky130_fd_sc_hd/lib/sky130_fd_sc_hd__tt_025C_1v80.lib'…
[WARNING STA-1140] /foss/pdks/sky130A/libs.ref/sky130_fd_sc_hd/lib/sky130_fd_sc_hd__tt_025C_1v80.lib line 1, library sky130_fd_sc_hd__tt_025C_1v80 already exists.
Reading timing models for corner max_ff_n40C_1v95…
Reading timing library for the 'max_ff_n40C_1v95' corner at '/foss/pdks/sky130A/libs.ref/sky130_fd_sc_hd/lib/sky130_fd_sc_hd__ff_n40C_1v95.lib'…
Reading timing models for corner nom_ff_n40C_1v95…
Reading timing library for the 'nom_ff_n40C_1v95' corner at '/foss/pdks/sky130A/libs.ref/sky130_fd_sc_hd/lib/sky130_fd_sc_hd__ff_n40C_1v95.lib'…
[WARNING STA-1140] /foss/pdks/sky130A/libs.ref/sky130_fd_sc_hd/lib/sky130_fd_sc_hd__ff_n40C_1v95.lib line 1, library sky130_fd_sc_hd__ff_n40C_1v95 already exists.
Reading timing models for corner max_ss_100C_1v60…
Reading timing library for the 'max_ss_100C_1v60' corner at '/foss/pdks/sky130A/libs.ref/sky130_fd_sc_hd/lib/sky130_fd_sc_hd__ss_100C_1v60.lib'…
[WARNING STA-1140] /foss/pdks/sky130A/libs.ref/sky130_fd_sc_hd/lib/sky130_fd_sc_hd__ss_100C_1v60.lib line 1, library sky130_fd_sc_hd__ss_100C_1v60 already exists.
Reading timing models for corner min_tt_025C_1v80…
Reading timing library for the 'min_tt_025C_1v80' corner at '/foss/pdks/sky130A/libs.ref/sky130_fd_sc_hd/lib/sky130_fd_sc_hd__tt_025C_1v80.lib'…
[WARNING STA-1140] /foss/pdks/sky130A/libs.ref/sky130_fd_sc_hd/lib/sky130_fd_sc_hd__tt_025C_1v80.lib line 1, library sky130_fd_sc_hd__tt_025C_1v80 already exists.
Reading timing models for corner nom_ss_100C_1v60…
Reading timing library for the 'nom_ss_100C_1v60' corner at '/foss/pdks/sky130A/libs.ref/sky130_fd_sc_hd/lib/sky130_fd_sc_hd__ss_100C_1v60.lib'…
[WARNING STA-1140] /foss/pdks/sky130A/libs.ref/sky130_fd_sc_hd/lib/sky130_fd_sc_hd__ss_100C_1v60.lib line 1, library sky130_fd_sc_hd__ss_100C_1v60 already exists.
Reading timing models for corner min_ff_n40C_1v95…
Reading timing library for the 'min_ff_n40C_1v95' corner at '/foss/pdks/sky130A/libs.ref/sky130_fd_sc_hd/lib/sky130_fd_sc_hd__ff_n40C_1v95.lib'…
[WARNING STA-1140] /foss/pdks/sky130A/libs.ref/sky130_fd_sc_hd/lib/sky130_fd_sc_hd__ff_n40C_1v95.lib line 1, library sky130_fd_sc_hd__ff_n40C_1v95 already exists.
Reading OpenROAD database at '/foss/designs/modulo4/lab02/runs/RUN_2026-05-12_18-02-55/28-openroad-cts/sar_controller.odb'…
Reading design constraints file at '/usr/local/lib/python3.12/dist-packages/librelane/scripts/base.sdc'…
[INFO] Using clock clk…
[INFO] Setting output delay to: 10.0
[INFO] Setting input delay to: 10.0
[INFO] Setting load to: 0.033442
[INFO] Setting clock uncertainty to: 0.25
[INFO] Setting clock transition to: 0.1499999999999999944488848768742172978818416595458984375
[INFO] Setting timing derate to: 5%
+ repair_timing -verbose -setup -setup_margin 0.05000000000000000277555756156289135105907917022705078125 -max_buffer_percent 50
[INFO RSZ-0100] Repair move sequence: UnbufferMove SizeUpMove SwapPinsMove BufferMove CloneMove SplitLoadMove 
[INFO RSZ-0098] No setup violations found
+ repair_timing -verbose -hold -setup_margin 0.05000000000000000277555756156289135105907917022705078125 -hold_margin 0.1000000000000000055511151231257827021181583404541015625 -max_buffer_percent 50
[INFO RSZ-0046] Found 8 endpoints with hold violations.
Iteration | Resized | Buffers | Cloned Gates |   Area   |   WNS   |   TNS   | Endpoint
--------------------------------------------------------------------------------------
        0 |       0 |       0 |            0 |    +0.0% |   0.068 |   0.000 | _169_/D
    final |       0 |       9 |            0 |    +5.1% |   0.101 |   0.000 | _163_/D
--------------------------------------------------------------------------------------
[INFO RSZ-0032] Inserted 9 hold buffers.
+ detailed_placement -max_displacement  500 100 
Placement Analysis
---------------------------------
total displacement         57.5 u
average displacement        0.2 u
max displacement            7.3 u
original HPWL            3147.1 u
legalized HPWL           3306.0 u
delta HPWL                    5 %

[INFO DPL-0020] Mirrored 70 instances
[INFO DPL-0021] HPWL before            3306.0 u
[INFO DPL-0022] HPWL after             3165.8 u
[INFO DPL-0023] HPWL delta               -4.2 %
Setting global connections for newly added cells…
[INFO] Setting global connections...
Updating metrics…
Cell type report:                       Count       Area
  Fill cell                                44     165.16
  Tap cell                                 48      60.06
  Clock buffer                              9     203.95
  Timing Repair Buffer                     50     247.74
  Inverter                                  4      15.01
  Clock inverter                            3      15.01
  Sequential cell                          30     789.51
  Multi-Input combinational cell           74     600.58
  Total                                   262    2097.01
Writing OpenROAD database to '/foss/designs/modulo4/lab02/runs/RUN_2026-05-12_18-02-55/30-openroad-resizertimingpostcts/sar_controller.odb'…
Writing netlist to '/foss/designs/modulo4/lab02/runs/RUN_2026-05-12_18-02-55/30-openroad-resizertimingpostcts/sar_controller.nl.v'…
Writing powered netlist to '/foss/designs/modulo4/lab02/runs/RUN_2026-05-12_18-02-55/30-openroad-resizertimingpostcts/sar_controller.pnl.v'…
Writing layout to '/foss/designs/modulo4/lab02/runs/RUN_2026-05-12_18-02-55/30-openroad-resizertimingpostcts/sar_controller.def'…
Writing timing constraints to '/foss/designs/modulo4/lab02/runs/RUN_2026-05-12_18-02-55/30-openroad-resizertimingpostcts/sar_controller.sdc'…
