[WARNING ORD-0039] .openroad ignored with -python
                                Cells by Master                                 
┏━━━━━━━━━━━━━━━━━━━━━━━━━━━━━━━━━━━━━━━━━━━━━━━━━━━━━━━━━━━━━━━━┳━━━━━━━━━━━━━┓
┃ Cell                                                           ┃ Count       ┃
┡━━━━━━━━━━━━━━━━━━━━━━━━━━━━━━━━━━━━━━━━━━━━━━━━━━━━━━━━━━━━━━━━╇━━━━━━━━━━━━━┩
│ sky130_fd_sc_hd__a211o_1                                       │ 3           │
│ sky130_fd_sc_hd__a21o_1                                        │ 2           │
│ sky130_fd_sc_hd__a21oi_1                                       │ 3           │
│ sky130_fd_sc_hd__a31o_1                                        │ 1           │
│ sky130_fd_sc_hd__a31oi_1                                       │ 1           │
│ sky130_fd_sc_hd__and2_1                                        │ 3           │
│ sky130_fd_sc_hd__and2_4                                        │ 2           │
│ sky130_fd_sc_hd__and2b_1                                       │ 3           │
│ sky130_fd_sc_hd__and2b_4                                       │ 1           │
│ sky130_fd_sc_hd__and3_1                                        │ 1           │
│ sky130_fd_sc_hd__and3_4                                        │ 1           │
│ sky130_fd_sc_hd__and4_4                                        │ 1           │
│ sky130_fd_sc_hd__and4b_4                                       │ 1           │
│ sky130_fd_sc_hd__and4bb_1                                      │ 1           │
│ sky130_fd_sc_hd__and4bb_4                                      │ 1           │
│ sky130_fd_sc_hd__buf_1                                         │ 9           │
│ sky130_fd_sc_hd__buf_2                                         │ 1           │
│ sky130_fd_sc_hd__clkbuf_1                                      │ 30          │
│ sky130_fd_sc_hd__clkbuf_16                                     │ 8           │
│ sky130_fd_sc_hd__clkbuf_2                                      │ 2           │
│ sky130_fd_sc_hd__clkinv_1                                      │ 1           │
│ sky130_fd_sc_hd__clkinv_2                                      │ 1           │
│ sky130_fd_sc_hd__decap_3                                       │ 681         │
│ sky130_fd_sc_hd__dfrtp_1                                       │ 9           │
│ sky130_fd_sc_hd__dfrtp_4                                       │ 5           │
│ sky130_fd_sc_hd__dfstp_1                                       │ 16          │
│ sky130_fd_sc_hd__dlygate4sd3_1                                 │ 8           │
│ sky130_fd_sc_hd__fill_1                                        │ 68          │
│ sky130_fd_sc_hd__fill_2                                        │ 43          │
│ sky130_fd_sc_hd__inv_1                                         │ 3           │
│ sky130_fd_sc_hd__inv_2                                         │ 1           │
│ sky130_fd_sc_hd__inv_4                                         │ 1           │
│ sky130_fd_sc_hd__mux2_1                                        │ 8           │
│ sky130_fd_sc_hd__nand2_1                                       │ 1           │
│ sky130_fd_sc_hd__nand2b_2                                      │ 1           │
│ sky130_fd_sc_hd__nor2_1                                        │ 5           │
│ sky130_fd_sc_hd__nor2_2                                        │ 2           │
│ sky130_fd_sc_hd__o21a_1                                        │ 5           │
│ sky130_fd_sc_hd__o21ai_1                                       │ 4           │
│ sky130_fd_sc_hd__o21ba_1                                       │ 1           │
│ sky130_fd_sc_hd__o22a_1                                        │ 2           │
│ sky130_fd_sc_hd__o31a_1                                        │ 2           │
│ sky130_fd_sc_hd__or2_1                                         │ 8           │
│ sky130_fd_sc_hd__or2_4                                         │ 3           │
│ sky130_fd_sc_hd__or3_1                                         │ 3           │
│ sky130_fd_sc_hd__or3_4                                         │ 1           │
│ sky130_fd_sc_hd__or4b_4                                        │ 1           │
│ sky130_fd_sc_hd__or4bb_4                                       │ 2           │
│ sky130_fd_sc_hd__tapvpwrvgnd_1                                 │ 67          │
└────────────────────────────────────────────────────────────────┴─────────────┘
                               Cells by Function                                
┏━━━━━━━━━━━━━━━━━━━━━━━━━━━━━━━━━━━━━━━━━━━━━━━━━━━━━━━━━━━━━━━┳━━━━━━━━━━━━━━┓
┃ Cell Function                                                 ┃ Count        ┃
┡━━━━━━━━━━━━━━━━━━━━━━━━━━━━━━━━━━━━━━━━━━━━━━━━━━━━━━━━━━━━━━━╇━━━━━━━━━━━━━━┩
│ sky130_fd_sc_hd__a211o                                        │ 3            │
│ sky130_fd_sc_hd__a21o                                         │ 2            │
│ sky130_fd_sc_hd__a21oi                                        │ 3            │
│ sky130_fd_sc_hd__a31o                                         │ 1            │
│ sky130_fd_sc_hd__a31oi                                        │ 1            │
│ sky130_fd_sc_hd__and2                                         │ 5            │
│ sky130_fd_sc_hd__and2b                                        │ 4            │
│ sky130_fd_sc_hd__and3                                         │ 2            │
│ sky130_fd_sc_hd__and4                                         │ 1            │
│ sky130_fd_sc_hd__and4b                                        │ 1            │
│ sky130_fd_sc_hd__and4bb                                       │ 2            │
│ sky130_fd_sc_hd__buf                                          │ 10           │
│ sky130_fd_sc_hd__clkbuf                                       │ 40           │
│ sky130_fd_sc_hd__clkinv                                       │ 2            │
│ sky130_fd_sc_hd__decap                                        │ 681          │
│ sky130_fd_sc_hd__dfrtp                                        │ 14           │
│ sky130_fd_sc_hd__dfstp                                        │ 16           │
│ sky130_fd_sc_hd__dlygate4sd3                                  │ 8            │
│ sky130_fd_sc_hd__fill                                         │ 111          │
│ sky130_fd_sc_hd__inv                                          │ 5            │
│ sky130_fd_sc_hd__mux2                                         │ 8            │
│ sky130_fd_sc_hd__nand2                                        │ 1            │
│ sky130_fd_sc_hd__nand2b                                       │ 1            │
│ sky130_fd_sc_hd__nor2                                         │ 7            │
│ sky130_fd_sc_hd__o21a                                         │ 5            │
│ sky130_fd_sc_hd__o21ai                                        │ 4            │
│ sky130_fd_sc_hd__o21ba                                        │ 1            │
│ sky130_fd_sc_hd__o22a                                         │ 2            │
│ sky130_fd_sc_hd__o31a                                         │ 2            │
│ sky130_fd_sc_hd__or2                                          │ 11           │
│ sky130_fd_sc_hd__or3                                          │ 4            │
│ sky130_fd_sc_hd__or4b                                         │ 1            │
│ sky130_fd_sc_hd__or4bb                                        │ 2            │
│ sky130_fd_sc_hd__tapvpwrvgnd                                  │ 67           │
└───────────────────────────────────────────────────────────────┴──────────────┘
                                  Cells by SCL                                  
┏━━━━━━━━━━━━━━━━━━━━━━━━━━━━━━━━━━━━━━━━━━━━━━━━━━━━━━━┳━━━━━━━━━━━━━━━━━━━━━━┓
┃ SCL                                                   ┃ Count                ┃
┡━━━━━━━━━━━━━━━━━━━━━━━━━━━━━━━━━━━━━━━━━━━━━━━━━━━━━━━╇━━━━━━━━━━━━━━━━━━━━━━┩
│ sky130_fd_sc_hd                                       │ 1028                 │
└───────────────────────────────────────────────────────┴──────────────────────┘
                             Buffers by Cell Master                             
┏━━━━━━━━━━━━━━━━━━━━━━━━━━━━━━━━━━━━━━━━━━━━━━━━━━━━━━━━━━━━━━━━┳━━━━━━━━━━━━━┓
┃ Buffer                                                         ┃ Count       ┃
┡━━━━━━━━━━━━━━━━━━━━━━━━━━━━━━━━━━━━━━━━━━━━━━━━━━━━━━━━━━━━━━━━╇━━━━━━━━━━━━━┩
│ sky130_fd_sc_hd__buf_1                                         │ 9           │
│ sky130_fd_sc_hd__buf_2                                         │ 1           │
│ sky130_fd_sc_hd__clkbuf_1                                      │ 30          │
│ sky130_fd_sc_hd__clkbuf_16                                     │ 8           │
│ sky130_fd_sc_hd__clkbuf_2                                      │ 2           │
│ sky130_fd_sc_hd__dlygate4sd3_1                                 │ 8           │
└────────────────────────────────────────────────────────────────┴─────────────┘
