Reading timing models for corner nom_tt_025C_1v80…
Reading timing library for the 'nom_tt_025C_1v80' corner at '/foss/pdks/sky130A/libs.ref/sky130_fd_sc_hd/lib/sky130_fd_sc_hd__tt_025C_1v80.lib'…
Reading OpenROAD database at '/foss/designs/modulo4/lab02/runs/util_40/32-openroad-globalrouting/sar_controller.odb'…
Reading design constraints file at '/usr/local/lib/python3.12/dist-packages/librelane/scripts/base.sdc'…
[INFO] Using clock clk…
[INFO] Setting output delay to: 10.0
[INFO] Setting input delay to: 10.0
[INFO] Setting load to: 0.033442
[INFO] Setting clock uncertainty to: 0.25
[INFO] Setting clock transition to: 0.1499999999999999944488848768742172978818416595458984375
[INFO] Setting timing derate to: 5%
[INFO] Setting signal min routing layer to: met1 and clock min routing layer to met1. 
[INFO] Setting signal max routing layer to: met5 and clock max routing layer to met5. 
+ global_route -congestion_iterations 50 -verbose
[INFO GRT-0020] Min routing layer: met1
[INFO GRT-0021] Max routing layer: met5
[INFO GRT-0022] Global adjustment: 30%
[INFO GRT-0023] Grid origin: (0, 0)
[INFO GRT-0088] Layer li1     Track-Pitch = 0.4600  line-2-Via Pitch: 0.3400
[INFO GRT-0088] Layer met1    Track-Pitch = 0.3400  line-2-Via Pitch: 0.3400
[INFO GRT-0088] Layer met2    Track-Pitch = 0.4600  line-2-Via Pitch: 0.3500
[INFO GRT-0088] Layer met3    Track-Pitch = 0.6800  line-2-Via Pitch: 0.6150
[INFO GRT-0088] Layer met4    Track-Pitch = 0.9200  line-2-Via Pitch: 1.0400
[INFO GRT-0088] Layer met5    Track-Pitch = 3.4000  line-2-Via Pitch: 3.1100
[INFO GRT-0003] Macros: 0
[INFO GRT-0004] Blockages: 452
[INFO GRT-0019] Found 11 clock nets.
[INFO GRT-0001] Minimum degree: 2
[INFO GRT-0002] Maximum degree: 11

[INFO GRT-0053] Routing resources analysis:
          Routing      Original      Derated      Resource
Layer     Direction    Resources     Resources    Reduction (%)
---------------------------------------------------------------
li1        Vertical            0             0          0.00%
met1       Horizontal       2350          1032          56.09%
met2       Vertical         1709           976          42.89%
met3       Horizontal       1170           715          38.89%
met4       Vertical          699           393          43.78%
met5       Horizontal        228            99          56.58%
---------------------------------------------------------------

[INFO GRT-0197] Via related to pin nodes: 868
[INFO GRT-0198] Via related Steiner nodes: 15
[INFO GRT-0199] Via filling finished.
[INFO GRT-0111] Final number of vias: 1084
[INFO GRT-0112] Final usage 3D: 3759

[INFO GRT-0096] Final congestion report:
Layer         Resource        Demand        Usage (%)    Max H / Max V / Total Overflow
---------------------------------------------------------------------------------------
li1                  0             0            0.00%             0 /  0 /  0
met1              1032           229           22.19%             0 /  0 /  0
met2               976           260           26.64%             0 /  0 /  0
met3               715            10            1.40%             0 /  0 /  0
met4               393             8            2.04%             0 /  0 /  0
met5                99             0            0.00%             0 /  0 /  0
---------------------------------------------------------------------------------------
Total             3215           507           15.77%             0 /  0 /  0

[INFO GRT-0018] Total wirelength: 6161 um
[INFO GRT-0014] Routed nets: 170
[INFO GRT-0006] Repairing antennas, iteration 1.
[INFO GRT-0012] Found 0 antenna violations.
+ detailed_placement -max_displacement  500 100 
Placement Analysis
---------------------------------
total displacement          0.0 u
average displacement        0.0 u
max displacement            0.0 u
original HPWL            3165.8 u
legalized HPWL           3306.0 u
delta HPWL                    4 %

[INFO DPL-0020] Mirrored 70 instances
[INFO DPL-0021] HPWL before            3306.0 u
[INFO DPL-0022] HPWL after             3165.8 u
[INFO DPL-0023] HPWL delta               -4.2 %
+ global_route -congestion_iterations 50 -verbose
[INFO GRT-0020] Min routing layer: met1
[INFO GRT-0021] Max routing layer: met5
[INFO GRT-0022] Global adjustment: 30%
[INFO GRT-0023] Grid origin: (0, 0)
[INFO GRT-0088] Layer li1     Track-Pitch = 0.4600  line-2-Via Pitch: 0.3400
[INFO GRT-0088] Layer met1    Track-Pitch = 0.3400  line-2-Via Pitch: 0.3400
[INFO GRT-0088] Layer met2    Track-Pitch = 0.4600  line-2-Via Pitch: 0.3500
[INFO GRT-0088] Layer met3    Track-Pitch = 0.6800  line-2-Via Pitch: 0.6150
[INFO GRT-0088] Layer met4    Track-Pitch = 0.9200  line-2-Via Pitch: 1.0400
[INFO GRT-0088] Layer met5    Track-Pitch = 3.4000  line-2-Via Pitch: 3.1100
[INFO GRT-0003] Macros: 0
[INFO GRT-0004] Blockages: 452
[INFO GRT-0019] Found 11 clock nets.
[INFO GRT-0001] Minimum degree: 2
[INFO GRT-0002] Maximum degree: 11

[INFO GRT-0053] Routing resources analysis:
          Routing      Original      Derated      Resource
Layer     Direction    Resources     Resources    Reduction (%)
---------------------------------------------------------------
li1        Vertical            0             0          0.00%
met1       Horizontal       2350          1032          56.09%
met2       Vertical         1709           976          42.89%
met3       Horizontal       1170           715          38.89%
met4       Vertical          699           393          43.78%
met5       Horizontal        228            99          56.58%
---------------------------------------------------------------

[INFO GRT-0197] Via related to pin nodes: 868
[INFO GRT-0198] Via related Steiner nodes: 15
[INFO GRT-0199] Via filling finished.
[INFO GRT-0111] Final number of vias: 1084
[INFO GRT-0112] Final usage 3D: 3759

[INFO GRT-0096] Final congestion report:
Layer         Resource        Demand        Usage (%)    Max H / Max V / Total Overflow
---------------------------------------------------------------------------------------
li1                  0             0            0.00%             0 /  0 /  0
met1              1032           229           22.19%             0 /  0 /  0
met2               976           260           26.64%             0 /  0 /  0
met3               715            10            1.40%             0 /  0 /  0
met4               393             8            2.04%             0 /  0 /  0
met5                99             0            0.00%             0 /  0 /  0
---------------------------------------------------------------------------------------
Total             3215           507           15.77%             0 /  0 /  0

[INFO GRT-0018] Total wirelength: 6161 um
[INFO GRT-0014] Routed nets: 170
Setting global connections for newly added cells…
[INFO] Setting global connections...
Updating metrics…
Cell type report:                       Count       Area
  Fill cell                                44     165.16
  Tap cell                                 48      60.06
  Clock buffer                              9     203.95
  Timing Repair Buffer                     50     247.74
  Inverter                                  4      15.01
  Clock inverter                            3      15.01
  Sequential cell                          30     789.51
  Multi-Input combinational cell           74     600.58
  Total                                   262    2097.01
Writing OpenROAD database to '/foss/designs/modulo4/lab02/runs/util_40/35-openroad-repairantennas/1-diodeinsertion/sar_controller.odb'…
Writing layout to '/foss/designs/modulo4/lab02/runs/util_40/35-openroad-repairantennas/1-diodeinsertion/sar_controller.def'…
