Reading timing models for corner nom_tt_025C_1v80…
Reading timing library for the 'nom_tt_025C_1v80' corner at '/foss/pdks/sky130A/libs.ref/sky130_fd_sc_hd/lib/sky130_fd_sc_hd__tt_025C_1v80.lib'…
Reading OpenROAD database at '/foss/designs/modulo4/lab02/runs/util_30/35-openroad-repairantennas/1-diodeinsertion/sar_controller.odb'…
Reading design constraints file at '/usr/local/lib/python3.12/dist-packages/librelane/scripts/base.sdc'…
[INFO] Using clock clk…
[INFO] Setting output delay to: 10.0
[INFO] Setting input delay to: 10.0
[INFO] Setting load to: 0.033442
[INFO] Setting clock uncertainty to: 0.25
[INFO] Setting clock transition to: 0.1499999999999999944488848768742172978818416595458984375
[INFO] Setting timing derate to: 5%
[INFO ORD-0030] Using 20 thread(s).
+ detailed_route -bottom_routing_layer met1 -top_routing_layer met5 -droute_end_iter 64 -or_seed 42 -verbose 1 -output_drc /foss/designs/modulo4/lab02/runs/util_30/37-openroad-detailedrouting/drt-run-0/sar_controller.drc
[INFO DRT-0149] Reading tech and libs.
[WARNING DRT-0349] LEF58_ENCLOSURE with no CUTCLASS is not supported. Skipping for layer mcon
[WARNING DRT-0349] LEF58_ENCLOSURE with no CUTCLASS is not supported. Skipping for layer mcon
[WARNING DRT-0349] LEF58_ENCLOSURE with no CUTCLASS is not supported. Skipping for layer via
[WARNING DRT-0349] LEF58_ENCLOSURE with no CUTCLASS is not supported. Skipping for layer via
[WARNING DRT-0349] LEF58_ENCLOSURE with no CUTCLASS is not supported. Skipping for layer via2
[WARNING DRT-0349] LEF58_ENCLOSURE with no CUTCLASS is not supported. Skipping for layer via2
[WARNING DRT-0349] LEF58_ENCLOSURE with no CUTCLASS is not supported. Skipping for layer via3
[WARNING DRT-0349] LEF58_ENCLOSURE with no CUTCLASS is not supported. Skipping for layer via3
[WARNING DRT-0349] LEF58_ENCLOSURE with no CUTCLASS is not supported. Skipping for layer via4
[WARNING DRT-0349] LEF58_ENCLOSURE with no CUTCLASS is not supported. Skipping for layer via4

Units:                1000
Number of layers:     13
Number of macros:     445
Number of vias:       29
Number of viarulegen: 25

[INFO DRT-0150] Reading design.

Design:                   sar_controller
Die area:                 ( 0 0 ) ( 80415 91135 )
Number of track patterns: 12
Number of DEF vias:       0
Number of components:     286
Number of terminals:      34
Number of snets:          2
Number of nets:           170

[INFO DRT-0167] List of default vias:
  Layer via
    default via: M1M2_PR
  Layer via2
    default via: M2M3_PR
  Layer via3
    default via: M3M4_PR
  Layer via4
    default via: M4M5_PR
[INFO DRT-0162] Library cell analysis.
[INFO DRT-0163] Instance analysis.
[INFO DRT-0164] Number of unique instances = 90.
[INFO DRT-0168] Init region query.
[INFO DRT-0024]   Complete FR_MASTERSLICE.
[INFO DRT-0024]   Complete licon.
[INFO DRT-0024]   Complete li1.
[INFO DRT-0024]   Complete mcon.
[INFO DRT-0024]   Complete met1.
[INFO DRT-0024]   Complete via.
[INFO DRT-0024]   Complete met2.
[INFO DRT-0024]   Complete via2.
[INFO DRT-0024]   Complete met3.
[INFO DRT-0024]   Complete via3.
[INFO DRT-0024]   Complete met4.
[INFO DRT-0024]   Complete via4.
[INFO DRT-0024]   Complete met5.
[INFO DRT-0033] FR_MASTERSLICE shape region query size = 0.
[INFO DRT-0033] licon shape region query size = 0.
[INFO DRT-0033] li1 shape region query size = 6041.
[INFO DRT-0033] mcon shape region query size = 0.
[INFO DRT-0033] met1 shape region query size = 1060.
[INFO DRT-0033] via shape region query size = 130.
[INFO DRT-0033] met2 shape region query size = 96.
[INFO DRT-0033] via2 shape region query size = 104.
[INFO DRT-0033] met3 shape region query size = 92.
[INFO DRT-0033] via3 shape region query size = 104.
[INFO DRT-0033] met4 shape region query size = 32.
[INFO DRT-0033] via4 shape region query size = 2.
[INFO DRT-0033] met5 shape region query size = 6.
[INFO DRT-0165] Start pin access.
[INFO DRT-0078]   Complete 637 pins.
[INFO DRT-0081]   Complete 90 unique inst patterns.
[INFO DRT-0084]   Complete 122 groups.
#scanned instances     = 286
#unique  instances     = 90
#stdCellGenAp          = 2268
#stdCellValidPlanarAp  = 36
#stdCellValidViaAp     = 1683
#stdCellPinNoAp        = 0
#stdCellPinCnt         = 530
#instTermValidViaApCnt = 0
#macroGenAp            = 0
#macroValidPlanarAp    = 0
#macroValidViaAp       = 0
#macroNoAp             = 0
[INFO DRT-0166] Complete pin access.
[INFO DRT-0267] cpu time = 00:00:36, elapsed time = 00:00:03, memory = 111.25 (MB), peak = 111.25 (MB)

[INFO DRT-0157] Number of guides:     1235

[INFO DRT-0169] Post process guides.
[INFO DRT-0176] GCELLGRID X 0 DO 11 STEP 6900 ;
[INFO DRT-0177] GCELLGRID Y 0 DO 13 STEP 6900 ;
[INFO DRT-0028]   Complete FR_MASTERSLICE.
[INFO DRT-0028]   Complete licon.
[INFO DRT-0028]   Complete li1.
[INFO DRT-0028]   Complete mcon.
[INFO DRT-0028]   Complete met1.
[INFO DRT-0028]   Complete via.
[INFO DRT-0028]   Complete met2.
[INFO DRT-0028]   Complete via2.
[INFO DRT-0028]   Complete met3.
[INFO DRT-0028]   Complete via3.
[INFO DRT-0028]   Complete met4.
[INFO DRT-0028]   Complete via4.
[INFO DRT-0028]   Complete met5.
[INFO DRT-0178] Init guide query.
[INFO DRT-0035]   Complete FR_MASTERSLICE (guide).
[INFO DRT-0035]   Complete licon (guide).
[INFO DRT-0035]   Complete li1 (guide).
[INFO DRT-0035]   Complete mcon (guide).
[INFO DRT-0035]   Complete met1 (guide).
[INFO DRT-0035]   Complete via (guide).
[INFO DRT-0035]   Complete met2 (guide).
[INFO DRT-0035]   Complete via2 (guide).
[INFO DRT-0035]   Complete met3 (guide).
[INFO DRT-0035]   Complete via3 (guide).
[INFO DRT-0035]   Complete met4 (guide).
[INFO DRT-0035]   Complete via4 (guide).
[INFO DRT-0035]   Complete met5 (guide).
[INFO DRT-0036] FR_MASTERSLICE guide region query size = 0.
[INFO DRT-0036] licon guide region query size = 0.
[INFO DRT-0036] li1 guide region query size = 415.
[INFO DRT-0036] mcon guide region query size = 0.
[INFO DRT-0036] met1 guide region query size = 384.
[INFO DRT-0036] via guide region query size = 0.
[INFO DRT-0036] met2 guide region query size = 203.
[INFO DRT-0036] via2 guide region query size = 0.
[INFO DRT-0036] met3 guide region query size = 21.
[INFO DRT-0036] via3 guide region query size = 0.
[INFO DRT-0036] met4 guide region query size = 2.
[INFO DRT-0036] via4 guide region query size = 0.
[INFO DRT-0036] met5 guide region query size = 0.
[INFO DRT-0179] Init gr pin query.
[INFO DRT-0267] cpu time = 00:00:00, elapsed time = 00:00:00, memory = 111.72 (MB), peak = 111.72 (MB)
[INFO DRT-0245] skipped writing guide updates to database.
[INFO DRT-0185] Post process initialize RPin region query.
[INFO DRT-0181] Start track assignment.
[INFO DRT-0184] Done with 620 vertical wires in 1 frboxes and 405 horizontal wires in 1 frboxes.
[INFO DRT-0186] Done with 46 vertical wires in 1 frboxes and 91 horizontal wires in 1 frboxes.
[INFO DRT-0182] Complete track assignment.
[INFO DRT-0267] cpu time = 00:00:00, elapsed time = 00:00:00, memory = 114.50 (MB), peak = 115.47 (MB)
[INFO DRT-0187] Start routing data preparation.
[INFO DRT-0267] cpu time = 00:00:00, elapsed time = 00:00:00, memory = 114.50 (MB), peak = 115.47 (MB)
[INFO DRT-0194] Start detail routing.
[INFO DRT-0195] Start 0th optimization iteration.
    Completing 20% with 0 violations.
    elapsed time = 00:00:00, memory = 123.01 (MB).
    Completing 50% with 14 violations.
    elapsed time = 00:00:00, memory = 132.23 (MB).
    Completing 70% with 18 violations.
    elapsed time = 00:00:00, memory = 144.26 (MB).
    Completing 100% with 50 violations.
    elapsed time = 00:00:01, memory = 151.61 (MB).
[INFO DRT-0199]   Number of violations = 69.
Viol/Layer        met1   met2   met3
Metal Spacing       11      1      6
Recheck             15      4      0
Short               32      0      0
[INFO DRT-0267] cpu time = 00:00:03, elapsed time = 00:00:01, memory = 507.39 (MB), peak = 507.39 (MB)
Total wire length = 3666 um.
Total wire length on LAYER li1 = 0 um.
Total wire length on LAYER met1 = 1662 um.
Total wire length on LAYER met2 = 1801 um.
Total wire length on LAYER met3 = 164 um.
Total wire length on LAYER met4 = 38 um.
Total wire length on LAYER met5 = 0 um.
Total number of vias = 1086.
Up-via summary (total 1086):

-----------------------
 FR_MASTERSLICE       0
            li1     508
           met1     546
           met2      28
           met3       4
           met4       0
-----------------------
               1086


[INFO DRT-0195] Start 1st optimization iteration.
    Completing 10% with 69 violations.
    elapsed time = 00:00:00, memory = 508.79 (MB).
    Completing 30% with 69 violations.
    elapsed time = 00:00:00, memory = 516.92 (MB).
    Completing 50% with 66 violations.
    elapsed time = 00:00:00, memory = 526.61 (MB).
    Completing 60% with 61 violations.
    elapsed time = 00:00:00, memory = 527.39 (MB).
    Completing 80% with 61 violations.
    elapsed time = 00:00:00, memory = 527.39 (MB).
    Completing 100% with 5 violations.
    elapsed time = 00:00:01, memory = 549.57 (MB).
[INFO DRT-0199]   Number of violations = 5.
Viol/Layer        met1   met2
Metal Spacing        3      0
Short                0      2
[INFO DRT-0267] cpu time = 00:00:02, elapsed time = 00:00:01, memory = 549.73 (MB), peak = 549.73 (MB)
Total wire length = 3639 um.
Total wire length on LAYER li1 = 0 um.
Total wire length on LAYER met1 = 1652 um.
Total wire length on LAYER met2 = 1780 um.
Total wire length on LAYER met3 = 166 um.
Total wire length on LAYER met4 = 40 um.
Total wire length on LAYER met5 = 0 um.
Total number of vias = 1083.
Up-via summary (total 1083):

-----------------------
 FR_MASTERSLICE       0
            li1     510
           met1     543
           met2      26
           met3       4
           met4       0
-----------------------
               1083


[INFO DRT-0195] Start 2nd optimization iteration.
    Completing 10% with 5 violations.
    elapsed time = 00:00:00, memory = 549.73 (MB).
    Completing 20% with 5 violations.
    elapsed time = 00:00:00, memory = 549.73 (MB).
    Completing 30% with 5 violations.
    elapsed time = 00:00:00, memory = 549.73 (MB).
    Completing 40% with 5 violations.
    elapsed time = 00:00:00, memory = 549.73 (MB).
    Completing 50% with 5 violations.
    elapsed time = 00:00:00, memory = 549.73 (MB).
    Completing 60% with 5 violations.
    elapsed time = 00:00:00, memory = 549.73 (MB).
    Completing 70% with 5 violations.
    elapsed time = 00:00:00, memory = 549.73 (MB).
    Completing 80% with 5 violations.
    elapsed time = 00:00:00, memory = 549.73 (MB).
    Completing 100% with 6 violations.
    elapsed time = 00:00:00, memory = 551.77 (MB).
[INFO DRT-0199]   Number of violations = 6.
Viol/Layer        met1
Short                6
[INFO DRT-0267] cpu time = 00:00:02, elapsed time = 00:00:00, memory = 551.77 (MB), peak = 571.14 (MB)
Total wire length = 3614 um.
Total wire length on LAYER li1 = 0 um.
Total wire length on LAYER met1 = 1665 um.
Total wire length on LAYER met2 = 1786 um.
Total wire length on LAYER met3 = 126 um.
Total wire length on LAYER met4 = 35 um.
Total wire length on LAYER met5 = 0 um.
Total number of vias = 1078.
Up-via summary (total 1078):

-----------------------
 FR_MASTERSLICE       0
            li1     511
           met1     541
           met2      22
           met3       4
           met4       0
-----------------------
               1078


[INFO DRT-0195] Start 3rd stubborn tiles iteration.
    Completing 10% with 6 violations.
    elapsed time = 00:00:00, memory = 992.08 (MB).
    Completing 20% with 6 violations.
    elapsed time = 00:00:00, memory = 1020.21 (MB).
    Completing 30% with 6 violations.
    elapsed time = 00:00:00, memory = 1062.39 (MB).
    Completing 40% with 6 violations.
    elapsed time = 00:00:01, memory = 1107.08 (MB).
    Completing 50% with 6 violations.
    elapsed time = 00:00:01, memory = 1129.27 (MB).
    Completing 60% with 6 violations.
    elapsed time = 00:00:01, memory = 1135.68 (MB).
    Completing 70% with 6 violations.
    elapsed time = 00:00:01, memory = 1151.61 (MB).
    Completing 80% with 6 violations.
    elapsed time = 00:00:01, memory = 1169.74 (MB).
    Completing 90% with 6 violations.
    elapsed time = 00:00:01, memory = 1183.96 (MB).
    Completing 100% with 0 violations.
    elapsed time = 00:00:02, memory = 1188.63 (MB).
[INFO DRT-0199]   Number of violations = 0.
[INFO DRT-0267] cpu time = 00:00:34, elapsed time = 00:00:02, memory = 1188.63 (MB), peak = 1196.77 (MB)
Total wire length = 3607 um.
Total wire length on LAYER li1 = 0 um.
Total wire length on LAYER met1 = 1647 um.
Total wire length on LAYER met2 = 1795 um.
Total wire length on LAYER met3 = 130 um.
Total wire length on LAYER met4 = 35 um.
Total wire length on LAYER met5 = 0 um.
Total number of vias = 1085.
Up-via summary (total 1085):

-----------------------
 FR_MASTERSLICE       0
            li1     512
           met1     545
           met2      24
           met3       4
           met4       0
-----------------------
               1085


[INFO DRT-0198] Complete detail routing.
Total wire length = 3607 um.
Total wire length on LAYER li1 = 0 um.
Total wire length on LAYER met1 = 1647 um.
Total wire length on LAYER met2 = 1795 um.
Total wire length on LAYER met3 = 130 um.
Total wire length on LAYER met4 = 35 um.
Total wire length on LAYER met5 = 0 um.
Total number of vias = 1085.
Up-via summary (total 1085):

-----------------------
 FR_MASTERSLICE       0
            li1     512
           met1     545
           met2      24
           met3       4
           met4       0
-----------------------
               1085


[INFO DRT-0267] cpu time = 00:00:42, elapsed time = 00:00:06, memory = 1188.79 (MB), peak = 1196.77 (MB)

[INFO DRT-0180] Post processing.
[INFO] Skipping post-DRT antenna repair: DRT_ANTENNA_REPAIR_ITERS set to 0.
Setting global connections for newly added cells…
[INFO] Setting global connections...
Updating metrics…
Cell type report:                       Count       Area
  Fill cell                                50     187.68
  Tap cell                                 67      83.83
  Clock buffer                              9     203.95
  Timing Repair Buffer                     49     237.73
  Inverter                                  4      15.01
  Clock inverter                            3      15.01
  Sequential cell                          30     789.51
  Multi-Input combinational cell           74     598.07
  Total                                   286    2130.79
Writing OpenROAD database to '/foss/designs/modulo4/lab02/runs/util_30/37-openroad-detailedrouting/sar_controller.odb'…
Writing netlist to '/foss/designs/modulo4/lab02/runs/util_30/37-openroad-detailedrouting/sar_controller.nl.v'…
Writing powered netlist to '/foss/designs/modulo4/lab02/runs/util_30/37-openroad-detailedrouting/sar_controller.pnl.v'…
Writing layout to '/foss/designs/modulo4/lab02/runs/util_30/37-openroad-detailedrouting/sar_controller.def'…
Writing timing constraints to '/foss/designs/modulo4/lab02/runs/util_30/37-openroad-detailedrouting/sar_controller.sdc'…
