Clock: clk
Sources: clk 
Generated: no
Virtual: yes
Propagated: no
Period: 50.000000

===========================================================================
report_clock_properties
============================================================================
Clock                   Period          Waveform
----------------------------------------------------
clk                  50.000000    0.000000 25.000000

===========================================================================
report_clock_latency
============================================================================
Clock clk
rise -> rise
    min     max
0.000000 0.000000 source latency
0.468308         network latency _157_/CLK
        0.472062 network latency _176_/CLK
---------------
0.468308 0.472062 latency
        0.003754 skew

fall -> fall
    min     max
0.000000 0.000000 source latency
0.460119         network latency _157_/CLK
        0.463340 network latency _176_/CLK
---------------
0.460119 0.463340 latency
        0.003221 skew



===========================================================================
report_clock_min_period
============================================================================
clk period_min = 2.14 fmax = 468.25
