Clock: clk
Sources: clk 
Generated: no
Virtual: yes
Propagated: no
Period: 50.000000

===========================================================================
report_clock_properties
============================================================================
Clock                   Period          Waveform
----------------------------------------------------
clk                  50.000000    0.000000 25.000000

===========================================================================
report_clock_latency
============================================================================
Clock clk
rise -> rise
    min     max
0.000000 0.000000 source latency
0.497946         network latency _159_/CLK
        0.506932 network latency _176_/CLK
---------------
0.497946 0.506932 latency
        0.008986 skew

fall -> fall
    min     max
0.000000 0.000000 source latency
0.479233         network latency _159_/CLK
        0.487109 network latency _176_/CLK
---------------
0.479233 0.487109 latency
        0.007876 skew



===========================================================================
report_clock_min_period
============================================================================
clk period_min = 2.22 fmax = 451.32
