Clock: clk
Sources: clk 
Generated: no
Virtual: yes
Propagated: no
Period: 50.000000

===========================================================================
report_clock_properties
============================================================================
Clock                   Period          Waveform
----------------------------------------------------
clk                  50.000000    0.000000 25.000000

===========================================================================
report_clock_latency
============================================================================
Clock clk
rise -> rise
    min     max
0.000000 0.000000 source latency
0.474675         network latency _171_/CLK
        0.477320 network latency _176_/CLK
---------------
0.474675 0.477320 latency
        0.002645 skew

fall -> fall
    min     max
0.000000 0.000000 source latency
0.464414         network latency _171_/CLK
        0.466796 network latency _176_/CLK
---------------
0.464414 0.466796 latency
        0.002382 skew



===========================================================================
report_clock_min_period
============================================================================
clk period_min = 2.13 fmax = 469.74
