Clock: clk
Sources: clk 
Generated: no
Virtual: yes
Propagated: no
Period: 50.000000

===========================================================================
report_clock_properties
============================================================================
Clock                   Period          Waveform
----------------------------------------------------
clk                  50.000000    0.000000 25.000000

===========================================================================
report_clock_latency
============================================================================
Clock clk
rise -> rise
    min     max
0.000000 0.000000 source latency
0.866684         network latency _161_/CLK
        0.871013 network latency _172_/CLK
---------------
0.866684 0.871013 latency
        0.004329 skew

fall -> fall
    min     max
0.000000 0.000000 source latency
0.857208         network latency _161_/CLK
        0.860625 network latency _172_/CLK
---------------
0.857208 0.860625 latency
        0.003418 skew



===========================================================================
report_clock_min_period
============================================================================
clk period_min = 4.31 fmax = 231.77
