Clock: clk
Sources: clk 
Generated: no
Virtual: yes
Propagated: no
Period: 50.000000

===========================================================================
report_clock_properties
============================================================================
Clock                   Period          Waveform
----------------------------------------------------
clk                  50.000000    0.000000 25.000000

===========================================================================
report_clock_latency
============================================================================
Clock clk
rise -> rise
    min     max
0.000000 0.000000 source latency
0.343474         network latency _159_/CLK
        0.350618 network latency _176_/CLK
---------------
0.343474 0.350618 latency
        0.007144 skew

fall -> fall
    min     max
0.000000 0.000000 source latency
0.326677         network latency _159_/CLK
        0.332914 network latency _176_/CLK
---------------
0.326677 0.332914 latency
        0.006237 skew



===========================================================================
report_clock_min_period
============================================================================
clk period_min = 1.46 fmax = 682.85
