Clock: clk
Sources: clk 
Generated: no
Virtual: yes
Propagated: no
Period: 50.000000

===========================================================================
report_clock_properties
============================================================================
Clock                   Period          Waveform
----------------------------------------------------
clk                  50.000000    0.000000 25.000000

===========================================================================
report_clock_latency
============================================================================
Clock clk
rise -> rise
    min     max
0.000000 0.000000 source latency
0.251031         network latency _168_/CLK
        0.251676 network latency _154_/CLK
---------------
0.251031 0.251676 latency
        0.000645 skew

fall -> fall
    min     max
0.000000 0.000000 source latency
0.120206         network latency _168_/CLK
        0.120808 network latency _154_/CLK
---------------
0.120206 0.120808 latency
        0.000602 skew



===========================================================================
report_clock_min_period
============================================================================
clk period_min = 2.14 fmax = 467.90
