Reading technology LEF file at '/foss/pdks/sky130A/libs.ref/sky130_fd_sc_hd/techlef/sky130_fd_sc_hd__min.tlef'…
[INFO ODB-0227] LEF file: /foss/pdks/sky130A/libs.ref/sky130_fd_sc_hd/techlef/sky130_fd_sc_hd__min.tlef, created 14 layers, 25 vias
Reading cell LEF file at '/foss/pdks/sky130A/libs.ref/sky130_fd_sc_hd/lef/sky130_fd_sc_hd.lef'…
[WARNING ODB-0220] WARNING (LEFPARS-2008): NOWIREEXTENSIONATPIN statement is obsolete in version 5.6 or later.
The NOWIREEXTENSIONATPIN statement will be ignored. See file /foss/pdks/sky130A/libs.ref/sky130_fd_sc_hd/lef/sky130_fd_sc_hd.lef at line 2.

[INFO ODB-0227] LEF file: /foss/pdks/sky130A/libs.ref/sky130_fd_sc_hd/lef/sky130_fd_sc_hd.lef, created 437 library cells
Reading cell LEF file at '/foss/pdks/sky130A/libs.ref/sky130_fd_sc_hd/lef/sky130_ef_sc_hd.lef'…
[WARNING ODB-0220] WARNING (LEFPARS-2008): NOWIREEXTENSIONATPIN statement is obsolete in version 5.6 or later.
The NOWIREEXTENSIONATPIN statement will be ignored. See file /foss/pdks/sky130A/libs.ref/sky130_fd_sc_hd/lef/sky130_ef_sc_hd.lef at line 2.

[INFO ODB-0227] LEF file: /foss/pdks/sky130A/libs.ref/sky130_fd_sc_hd/lef/sky130_ef_sc_hd.lef, created 8 library cells
[INFO ODB-0127] Reading DEF file: /foss/designs/modulo4/lab02/runs/util_30/46-odb-cellfrequencytables/sar_controller.def
[INFO ODB-0128] Design: sar_controller
[INFO ODB-0130]     Created 34 pins.
[INFO ODB-0131]     Created 1028 components and 4511 component-terminals.
[INFO ODB-0132]     Created 2 special nets and 3978 connections.
[INFO ODB-0133]     Created 170 nets and 530 connections.
[INFO ODB-0134] Finished DEF file: /foss/designs/modulo4/lab02/runs/util_30/46-odb-cellfrequencytables/sar_controller.def
Using RCX ruleset '/foss/pdks/sky130A/libs.tech/openlane/rules.openrcx.sky130A.min.calibre'…
[INFO RCX-0431] Defined process_corner CURRENT_CORNER with ext_model_index 0
[INFO RCX-0029] Defined extraction corner CURRENT_CORNER
+ extract_parasitics  -ext_model_file /foss/pdks/sky130A/libs.tech/openlane/rules.openrcx.sky130A.min.calibre -lef_res
[INFO RCX-0435] Reading extraction model file /foss/pdks/sky130A/libs.tech/openlane/rules.openrcx.sky130A.min.calibre ...
[INFO RCX-0436] RC segment generation sar_controller (max_merge_res 50.0) ...
[INFO RCX-0040] Final 591 rc segments
[INFO RCX-0439] Coupling Cap extraction sar_controller ...
[INFO RCX-0440] Coupling threshhold is 0.1000 fF, coupling capacitance less than 0.1000 fF will be grounded.
[INFO RCX-0442] 54% of 1083 wires extracted
[INFO RCX-0442] 100% of 1083 wires extracted
[INFO RCX-0045] Extract 170 nets, 760 rsegs, 760 caps, 1001 ccs
Setting global connections for newly added cells…
[INFO] Setting global connections...
Updating metrics…
Cell type report:                       Count       Area
  Fill cell                               792    2748.89
  Tap cell                                 67      83.83
  Standard cell                           169    1859.28
  Total                                  1028    4692.00
Writing extracted parasitics to '/foss/designs/modulo4/lab02/runs/util_30/47-openroad-rcx/min/sar_controller.min.spef'…
[INFO RCX-0443] 170 nets finished
