Clock: clk
Sources: clk 
Generated: no
Virtual: yes
Propagated: no
Period: 50.000000

===========================================================================
report_clock_properties
============================================================================
Clock                   Period          Waveform
----------------------------------------------------
clk                  50.000000    0.000000 25.000000

===========================================================================
report_clock_latency
============================================================================
Clock clk
rise -> rise
    min     max
0.000000 0.000000 source latency
0.339930         network latency _171_/CLK
        0.343005 network latency _178_/CLK
---------------
0.339930 0.343005 latency
        0.003075 skew

fall -> fall
    min     max
0.000000 0.000000 source latency
0.324231         network latency _171_/CLK
        0.326997 network latency _178_/CLK
---------------
0.324231 0.326997 latency
        0.002766 skew



===========================================================================
report_clock_min_period
============================================================================
clk period_min = 1.45 fmax = 688.47
