Clock: clk
Sources: clk 
Generated: no
Virtual: yes
Propagated: no
Period: 50.000000

===========================================================================
report_clock_properties
============================================================================
Clock                   Period          Waveform
----------------------------------------------------
clk                  50.000000    0.000000 25.000000

===========================================================================
report_clock_latency
============================================================================
Clock clk
rise -> rise
    min     max
0.000000 0.000000 source latency
0.499427         network latency _171_/CLK
        0.503410 network latency _178_/CLK
---------------
0.499427 0.503410 latency
        0.003984 skew

fall -> fall
    min     max
0.000000 0.000000 source latency
0.480416         network latency _171_/CLK
        0.484260 network latency _178_/CLK
---------------
0.480416 0.484260 latency
        0.003844 skew



===========================================================================
report_clock_min_period
============================================================================
clk period_min = 2.23 fmax = 448.86
