Clock: clk
Sources: clk 
Generated: no
Virtual: yes
Propagated: no
Period: 50.000000

===========================================================================
report_clock_properties
============================================================================
Clock                   Period          Waveform
----------------------------------------------------
clk                  50.000000    0.000000 25.000000

===========================================================================
report_clock_latency
============================================================================
Clock clk
rise -> rise
    min     max
0.000000 0.000000 source latency
0.883264         network latency _171_/CLK
        0.890297 network latency _178_/CLK
---------------
0.883264 0.890297 latency
        0.007033 skew

fall -> fall
    min     max
0.000000 0.000000 source latency
0.870466         network latency _171_/CLK
        0.876694 network latency _178_/CLK
---------------
0.870466 0.876694 latency
        0.006228 skew



===========================================================================
report_clock_min_period
============================================================================
clk period_min = 4.39 fmax = 227.63
