Clock: clk
Sources: clk 
Generated: no
Virtual: yes
Propagated: no
Period: 50.000000

===========================================================================
report_clock_properties
============================================================================
Clock                   Period          Waveform
----------------------------------------------------
clk                  50.000000    0.000000 25.000000

===========================================================================
report_clock_latency
============================================================================
Clock clk
rise -> rise
    min     max
0.000000 0.000000 source latency
0.344783         network latency _161_/CLK
        0.348660 network latency _172_/CLK
---------------
0.344783 0.348660 latency
        0.003877 skew

fall -> fall
    min     max
0.000000 0.000000 source latency
0.327148         network latency _161_/CLK
        0.330534 network latency _172_/CLK
---------------
0.327148 0.330534 latency
        0.003386 skew



===========================================================================
report_clock_min_period
============================================================================
clk period_min = 1.45 fmax = 688.96
