Reading timing models for corner nom_tt_025C_1v80…
Reading timing library for the 'nom_tt_025C_1v80' corner at '/foss/pdks/sky130A/libs.ref/sky130_fd_sc_hd/lib/sky130_fd_sc_hd__tt_025C_1v80.lib'…
Reading OpenROAD database at '/foss/designs/modulo4/lab02/runs/util_30/08-openroad-floorplan/sar_controller.odb'…
Reading design constraints file at '/usr/local/lib/python3.12/dist-packages/librelane/scripts/base.sdc'…
[INFO] Using clock clk…
[INFO] Setting output delay to: 10.0
[INFO] Setting input delay to: 10.0
[INFO] Setting load to: 0.033442
[INFO] Setting clock uncertainty to: 0.25
[INFO] Setting clock transition to: 0.1499999999999999944488848768742172978818416595458984375
[INFO] Setting timing derate to: 5%
+ cut_rows -halo_width_x 10 -halo_width_y 10 -endcap_master sky130_fd_sc_hd__decap_3
Setting global connections for newly added cells…
[INFO] Setting global connections...
Updating metrics…
Cell type report:                       Count       Area
  Inverter                                  4      15.01
  Sequential cell                          30     788.26
  Multi-Input combinational cell           74     640.61
  Total                                   108    1443.88
Writing OpenROAD database to '/foss/designs/modulo4/lab02/runs/util_30/12-openroad-cutrows/sar_controller.odb'…
Writing layout to '/foss/designs/modulo4/lab02/runs/util_30/12-openroad-cutrows/sar_controller.def'…
