
===========================================================================
report_checks -unconstrained
===========================================================================
======================= min_tt_025C_1v80 Corner ===================================

Startpoint: rst_n (input port clocked by clk)
Endpoint: _167_ (recovery check against rising-edge clock clk)
Path Group: asynchronous
Path Type: max

Fanout         Cap        Slew       Delay        Time   Description
---------------------------------------------------------------------------------------------
                                  0.000000    0.000000   clock clk (rise edge)
                                  0.000000    0.000000   clock network delay (propagated)
                                 10.000000   10.000000 ^ input external delay
     1    0.003213    0.021514    0.011751   10.011751 ^ rst_n (in)
                                                         rst_n (net)
                      0.021514    0.000000   10.011751 ^ input2/A (sky130_fd_sc_hd__buf_1)
     3    0.016336    0.196637    0.179119   10.190869 ^ input2/X (sky130_fd_sc_hd__buf_1)
                                                         net2 (net)
                      0.196638    0.000326   10.191195 ^ fanout12/A (sky130_fd_sc_hd__buf_1)
     5    0.027200    0.320687    0.306027   10.497223 ^ fanout12/X (sky130_fd_sc_hd__buf_1)
                                                         net12 (net)
                      0.320687    0.000266   10.497489 ^ fanout11/A (sky130_fd_sc_hd__buf_1)
     6    0.024096    0.284642    0.296477   10.793965 ^ fanout11/X (sky130_fd_sc_hd__buf_1)
                                                         net11 (net)
                      0.284642    0.000195   10.794161 ^ fanout10/A (sky130_fd_sc_hd__clkbuf_1)
     5    0.022066    0.261109    0.277843   11.072003 ^ fanout10/X (sky130_fd_sc_hd__clkbuf_1)
                                                         net10 (net)
                      0.261109    0.000144   11.072147 ^ max_cap31/A (sky130_fd_sc_hd__clkbuf_2)
     6    0.027527    0.154901    0.246949   11.319097 ^ max_cap31/X (sky130_fd_sc_hd__clkbuf_2)
                                                         net40 (net)
                      0.154902    0.000842   11.319939 ^ _167_/SET_B (sky130_fd_sc_hd__dfstp_1)
                                             11.319939   data arrival time

                                 50.000000   50.000000   clock clk (rise edge)
                                  0.000000   50.000000   clock source latency
     2    0.025026    0.118077    0.081315   50.081314 ^ clk (in)
                                                         clk (net)
                      0.118078    0.000000   50.081314 ^ clkbuf_regs_0_clk/A (sky130_fd_sc_hd__clkbuf_16)
     1    0.008720    0.032292    0.141601   50.222912 ^ clkbuf_regs_0_clk/X (sky130_fd_sc_hd__clkbuf_16)
                                                         clk_regs (net)
                      0.032292    0.000096   50.223011 ^ clkbuf_0_clk_regs/A (sky130_fd_sc_hd__clkbuf_16)
     4    0.040186    0.059919    0.137497   50.360508 ^ clkbuf_0_clk_regs/X (sky130_fd_sc_hd__clkbuf_16)
                                                         clknet_0_clk_regs (net)
                      0.059922    0.000462   50.360970 ^ clkbuf_2_2__f_clk_regs/A (sky130_fd_sc_hd__clkbuf_16)
     8    0.025165    0.046421    0.135810   50.496777 ^ clkbuf_2_2__f_clk_regs/X (sky130_fd_sc_hd__clkbuf_16)
                                                         clknet_2_2__leaf_clk_regs (net)
                      0.046422    0.000330   50.497108 ^ _167_/CLK (sky130_fd_sc_hd__dfstp_1)
                                 -0.250000   50.247108   clock uncertainty
                                  0.000000   50.247108   clock reconvergence pessimism
                                  0.127315   50.374424   library recovery time
                                             50.374424   data required time
---------------------------------------------------------------------------------------------
                                             50.374424   data required time
                                            -11.319939   data arrival time
---------------------------------------------------------------------------------------------
                                             39.054485   slack (MET)


Startpoint: clk (clock source 'clk')
Endpoint: clk_comp (output port clocked by clk)
Path Group: clk
Path Type: max

Fanout         Cap        Slew       Delay        Time   Description
---------------------------------------------------------------------------------------------
                                 25.000000   25.000000   clock clk (fall edge)
                                  0.000000   25.000000   clock source latency
     2    0.023038    0.052586    0.036993   25.036991 v clk (in)
                                                         clk (net)
                      0.052588    0.000000   25.036991 v clkbuf_0_clk/A (sky130_fd_sc_hd__clkbuf_16)
     1    0.007216    0.028046    0.140195   25.177187 v clkbuf_0_clk/X (sky130_fd_sc_hd__clkbuf_16)
                                                         clknet_0_clk (net)
                      0.028047    0.000068   25.177256 v clkbuf_1_0__f_clk/A (sky130_fd_sc_hd__clkbuf_16)
     1    0.005325    0.026705    0.127015   25.304270 v clkbuf_1_0__f_clk/X (sky130_fd_sc_hd__clkbuf_16)
                                                         clknet_1_0__leaf_clk (net)
                      0.026706    0.000069   25.304338 v _092_/B (sky130_fd_sc_hd__nor2_2)
     1    0.002981    0.063239    0.063938   25.368277 ^ _092_/Y (sky130_fd_sc_hd__nor2_2)
                                                         net3 (net)
                      0.063239    0.000036   25.368313 ^ output3/A (sky130_fd_sc_hd__buf_1)
     1    0.034035    0.399145    0.334088   25.702400 ^ output3/X (sky130_fd_sc_hd__buf_1)
                                                         clk_comp (net)
                      0.399145    0.000215   25.702616 ^ clk_comp (out)
                                             25.702616   data arrival time

                                 50.000000   50.000000   clock clk (rise edge)
                                  0.000000   50.000000   clock network delay (propagated)
                                 -0.250000   49.749996   clock uncertainty
                                  0.000000   49.749996   clock reconvergence pessimism
                                -10.000000   39.749996   output external delay
                                             39.749996   data required time
---------------------------------------------------------------------------------------------
                                             39.749996   data required time
                                            -25.702616   data arrival time
---------------------------------------------------------------------------------------------
                                             14.047380   slack (MET)




===========================================================================
report_checks --slack_max -0.01
============================================================================
======================= min_tt_025C_1v80 Corner ===================================

No paths found.


===========================================================================
 report_check_types -max_slew -max_cap -max_fanout -violators
============================================================================
======================= min_tt_025C_1v80 Corner ===================================



===========================================================================
report_parasitic_annotation -report_unannotated
============================================================================
Found 4 unannotated drivers.
 out_comp_n
 clkload0/Y
 clkload1/Y
 clkload2/Y
Found 0 partially unannotated drivers.

===========================================================================
max slew violation count 0
max fanout violation count 0
max cap violation count 0
============================================================================

===========================================================================
check_setup -verbose -unconstrained_endpoints -multiple_clock -no_clock -no_input_delay -loops -generated_clocks
===========================================================================
