Clock: clk
Sources: clk 
Generated: no
Virtual: yes
Propagated: no
Period: 50.000000

===========================================================================
report_clock_properties
============================================================================
Clock                   Period          Waveform
----------------------------------------------------
clk                  50.000000    0.000000 25.000000

===========================================================================
report_clock_latency
============================================================================
Clock clk
rise -> rise
    min     max
0.000000 0.000000 source latency
0.496011         network latency _161_/CLK
        0.499501 network latency _172_/CLK
---------------
0.496011 0.499501 latency
        0.003491 skew

fall -> fall
    min     max
0.000000 0.000000 source latency
0.477566         network latency _161_/CLK
        0.480531 network latency _172_/CLK
---------------
0.477566 0.480531 latency
        0.002965 skew



===========================================================================
report_clock_min_period
============================================================================
clk period_min = 2.18 fmax = 458.22
