Clock: clk
Sources: clk 
Generated: no
Virtual: yes
Propagated: no
Period: 50.000000

===========================================================================
report_clock_properties
============================================================================
Clock                   Period          Waveform
----------------------------------------------------
clk                  50.000000    0.000000 25.000000

===========================================================================
report_clock_latency
============================================================================
Clock clk
rise -> rise
    min     max
0.000000 0.000000 source latency
0.261038         network latency _164_/CLK
        0.262069 network latency _156_/CLK
---------------
0.261038 0.262069 latency
        0.001031 skew

fall -> fall
    min     max
0.000000 0.000000 source latency
0.125398         network latency _164_/CLK
        0.126361 network latency _156_/CLK
---------------
0.125398 0.126361 latency
        0.000963 skew



===========================================================================
report_clock_min_period
============================================================================
clk period_min = 2.14 fmax = 468.08
