[WARNING ORD-0039] .openroad ignored with -python
Top-level design name: sar_controller
Block boundaries: 0 0 80415 91135
Horizontal Tracks Origin: 340, Count: 134, Step: 680
Vertical Tracks Origin: 230, Count: 175, Step: 460
Placement details for the N side
Virtual pin count:  0
Actual pin count:  2
Total pin count:  2
Tracks count:  175
Tracks per pin:  87
Used tracks count:  88
Unused track count:  87
Starting track index:  43
Placement details for the E side
Virtual pin count:  0
Actual pin count:  5
Total pin count:  5
Tracks count:  67
Tracks per pin:  13
Used tracks count:  53
Unused track count:  14
Starting track index:  7
Placement details for the W side
Virtual pin count:  0
Actual pin count:  9
Total pin count:  9
Tracks count:  67
Tracks per pin:  7
Used tracks count:  57
Unused track count:  10
Starting track index:  5
Placement details for the S side
Virtual pin count:  0
Actual pin count:  16
Total pin count:  16
Tracks count:  175
Tracks per pin:  10
Used tracks count:  151
Unused track count:  24
Starting track index:  12
