Reading timing models for corner nom_tt_025C_1v80…
Reading timing library for the 'nom_tt_025C_1v80' corner at '/foss/pdks/sky130A/libs.ref/sky130_fd_sc_hd/lib/sky130_fd_sc_hd__tt_025C_1v80.lib'…
Reading OpenROAD database at '/foss/designs/modulo4/lab02/runs/util_40/25-openroad-repairdesignpostgpl/sar_controller.odb'…
Reading design constraints file at '/usr/local/lib/python3.12/dist-packages/librelane/scripts/base.sdc'…
[INFO] Using clock clk…
[INFO] Setting output delay to: 10.0
[INFO] Setting input delay to: 10.0
[INFO] Setting load to: 0.033442
[INFO] Setting clock uncertainty to: 0.25
[INFO] Setting clock transition to: 0.1499999999999999944488848768742172978818416595458984375
[INFO] Setting timing derate to: 5%
+ detailed_placement -max_displacement  500 100 
Placement Analysis
---------------------------------
total displacement          0.0 u
average displacement        0.0 u
max displacement            0.0 u
original HPWL            2883.4 u
legalized HPWL           2989.9 u
delta HPWL                    4 %

[INFO DPL-0020] Mirrored 62 instances
[INFO DPL-0021] HPWL before            2989.9 u
[INFO DPL-0022] HPWL after             2883.4 u
[INFO DPL-0023] HPWL delta               -3.6 %
Setting global connections for newly added cells…
[INFO] Setting global connections...
Updating metrics…
Cell type report:                       Count       Area
  Fill cell                                44     165.16
  Tap cell                                 48      60.06
  Clock buffer                              1       3.75
  Timing Repair Buffer                     41     157.65
  Inverter                                  4      15.01
  Sequential cell                          30     789.51
  Multi-Input combinational cell           74     600.58
  Total                                   242    1791.72
Writing OpenROAD database to '/foss/designs/modulo4/lab02/runs/util_40/27-openroad-detailedplacement/sar_controller.odb'…
Writing netlist to '/foss/designs/modulo4/lab02/runs/util_40/27-openroad-detailedplacement/sar_controller.nl.v'…
Writing powered netlist to '/foss/designs/modulo4/lab02/runs/util_40/27-openroad-detailedplacement/sar_controller.pnl.v'…
Writing layout to '/foss/designs/modulo4/lab02/runs/util_40/27-openroad-detailedplacement/sar_controller.def'…
Writing timing constraints to '/foss/designs/modulo4/lab02/runs/util_40/27-openroad-detailedplacement/sar_controller.sdc'…
