Clock: clk
Sources: clk 
Generated: no
Virtual: yes
Propagated: no
Period: 50.000000

===========================================================================
report_clock_properties
============================================================================
Clock                   Period          Waveform
----------------------------------------------------
clk                  50.000000    0.000000 25.000000

===========================================================================
report_clock_latency
============================================================================
Clock clk
rise -> rise
    min     max
0.000000 0.000000 source latency
0.507122         network latency _171_/CLK
        0.512011 network latency _178_/CLK
---------------
0.507122 0.512011 latency
        0.004889 skew

fall -> fall
    min     max
0.000000 0.000000 source latency
0.485711         network latency _171_/CLK
        0.490322 network latency _178_/CLK
---------------
0.485711 0.490322 latency
        0.004611 skew



===========================================================================
report_clock_min_period
============================================================================
clk period_min = 2.25 fmax = 444.88
