Clock: clk
Sources: clk 
Generated: no
Virtual: yes
Propagated: no
Period: 50.000000

===========================================================================
report_clock_properties
============================================================================
Clock                   Period          Waveform
----------------------------------------------------
clk                  50.000000    0.000000 25.000000

===========================================================================
report_clock_latency
============================================================================
Clock clk
rise -> rise
    min     max
0.000000 0.000000 source latency
0.344369         network latency _171_/CLK
        0.347885 network latency _178_/CLK
---------------
0.344369 0.347885 latency
        0.003516 skew

fall -> fall
    min     max
0.000000 0.000000 source latency
0.327253         network latency _171_/CLK
        0.330408 network latency _178_/CLK
---------------
0.327253 0.330408 latency
        0.003155 skew



===========================================================================
report_clock_min_period
============================================================================
clk period_min = 1.46 fmax = 682.60
