Clock: clk
Sources: clk 
Generated: no
Virtual: yes
Propagated: no
Period: 50.000000

===========================================================================
report_clock_properties
============================================================================
Clock                   Period          Waveform
----------------------------------------------------
clk                  50.000000    0.000000 25.000000

===========================================================================
report_clock_latency
============================================================================
Clock clk
rise -> rise
    min     max
0.000000 0.000000 source latency
0.348234         network latency _161_/CLK
        0.354204 network latency _172_/CLK
---------------
0.348234 0.354204 latency
        0.005970 skew

fall -> fall
    min     max
0.000000 0.000000 source latency
0.329575         network latency _161_/CLK
        0.334857 network latency _172_/CLK
---------------
0.329575 0.334857 latency
        0.005283 skew



===========================================================================
report_clock_min_period
============================================================================
clk period_min = 1.46 fmax = 684.70
