                                                                        Cells by Master                                                                         
┏━━━━━━━━━━━━━━━━━━━━━━━━━━━━━━━━━━━━━━━━━━━━━━━━━━━━━━━━━━━━━━━━━━━━━━━━━━━━━━━━━━━━━━━━━━━━━━━━━━━━━━━━━━━━━━━━━━━━━━━━━━━━━━━━━┳━━━━━━━━━━━━━━━━━━━━━━━━━━━━┓
┃ Cell                                                                                                                            ┃ Count                      ┃
┡━━━━━━━━━━━━━━━━━━━━━━━━━━━━━━━━━━━━━━━━━━━━━━━━━━━━━━━━━━━━━━━━━━━━━━━━━━━━━━━━━━━━━━━━━━━━━━━━━━━━━━━━━━━━━━━━━━━━━━━━━━━━━━━━━╇━━━━━━━━━━━━━━━━━━━━━━━━━━━━┩
│ sky130_fd_sc_hd__a211o_1                                                                                                        │ 3                          │
│ sky130_fd_sc_hd__a21o_1                                                                                                         │ 2                          │
│ sky130_fd_sc_hd__a21oi_1                                                                                                        │ 3                          │
│ sky130_fd_sc_hd__a31o_1                                                                                                         │ 1                          │
│ sky130_fd_sc_hd__a31oi_1                                                                                                        │ 1                          │
│ sky130_fd_sc_hd__and2_1                                                                                                         │ 3                          │
│ sky130_fd_sc_hd__and2_4                                                                                                         │ 2                          │
│ sky130_fd_sc_hd__and2b_1                                                                                                        │ 3                          │
│ sky130_fd_sc_hd__and2b_4                                                                                                        │ 1                          │
│ sky130_fd_sc_hd__and3_1                                                                                                         │ 1                          │
│ sky130_fd_sc_hd__and3_4                                                                                                         │ 1                          │
│ sky130_fd_sc_hd__and4_4                                                                                                         │ 1                          │
│ sky130_fd_sc_hd__and4b_4                                                                                                        │ 1                          │
│ sky130_fd_sc_hd__and4bb_1                                                                                                       │ 1                          │
│ sky130_fd_sc_hd__and4bb_4                                                                                                       │ 1                          │
│ sky130_fd_sc_hd__buf_1                                                                                                          │ 8                          │
│ sky130_fd_sc_hd__buf_2                                                                                                          │ 1                          │
│ sky130_fd_sc_hd__bufinv_16                                                                                                      │ 1                          │
│ sky130_fd_sc_hd__clkbuf_1                                                                                                       │ 30                         │
│ sky130_fd_sc_hd__clkbuf_16                                                                                                      │ 8                          │
│ sky130_fd_sc_hd__clkbuf_2                                                                                                       │ 2                          │
│ sky130_fd_sc_hd__clkbuf_4                                                                                                       │ 2                          │
│ sky130_fd_sc_hd__decap_3                                                                                                        │ 115                        │
│ sky130_fd_sc_hd__dfrtp_1                                                                                                        │ 9                          │
│ sky130_fd_sc_hd__dfrtp_4                                                                                                        │ 5                          │
│ sky130_fd_sc_hd__dfstp_1                                                                                                        │ 16                         │
│ sky130_fd_sc_hd__dlygate4sd3_1                                                                                                  │ 10                         │
│ sky130_fd_sc_hd__fill_1                                                                                                         │ 38                         │
│ sky130_fd_sc_hd__fill_2                                                                                                         │ 30                         │
│ sky130_fd_sc_hd__inv_1                                                                                                          │ 3                          │
│ sky130_fd_sc_hd__inv_2                                                                                                          │ 1                          │
│ sky130_fd_sc_hd__mux2_1                                                                                                         │ 8                          │
│ sky130_fd_sc_hd__nand2_1                                                                                                        │ 1                          │
│ sky130_fd_sc_hd__nand2b_2                                                                                                       │ 1                          │
│ sky130_fd_sc_hd__nor2_1                                                                                                         │ 5                          │
│ sky130_fd_sc_hd__nor2_2                                                                                                         │ 2                          │
│ sky130_fd_sc_hd__o21a_1                                                                                                         │ 5                          │
│ sky130_fd_sc_hd__o21ai_1                                                                                                        │ 4                          │
│ sky130_fd_sc_hd__o21ba_1                                                                                                        │ 1                          │
│ sky130_fd_sc_hd__o22a_1                                                                                                         │ 2                          │
│ sky130_fd_sc_hd__o31a_1                                                                                                         │ 2                          │
│ sky130_fd_sc_hd__or2_1                                                                                                          │ 7                          │
│ sky130_fd_sc_hd__or2_4                                                                                                          │ 4                          │
│ sky130_fd_sc_hd__or3_1                                                                                                          │ 3                          │
│ sky130_fd_sc_hd__or3_4                                                                                                          │ 1                          │
│ sky130_fd_sc_hd__or4b_4                                                                                                         │ 1                          │
│ sky130_fd_sc_hd__or4bb_4                                                                                                        │ 2                          │
│ sky130_fd_sc_hd__tapvpwrvgnd_1                                                                                                  │ 30                         │
└─────────────────────────────────────────────────────────────────────────────────────────────────────────────────────────────────┴────────────────────────────┘
