108. Printing statistics.

=== sar_controller ===

   Number of wires:                 74
   Number of wire bits:            140
   Number of public wires:          14
   Number of public wire bits:      80
   Number of ports:                 11
   Number of port bits:             32
   Number of memories:               0
   Number of memory bits:            0
   Number of processes:              0
   Number of cells:                 97
     $_ANDNOT_                      10
     $_AND_                          2
     $_DFFE_PN0P_                    9
     $_DFFE_PN1P_                   16
     $_DFF_PN0_                      5
     $_NAND_                         1
     $_NOR_                         11
     $_NOT_                          2
     $_ORNOT_                        4
     $_OR_                          37

   Area for cell type $_NOT_ is unknown!
   Area for cell type $_AND_ is unknown!
   Area for cell type $_NAND_ is unknown!
   Area for cell type $_OR_ is unknown!
   Area for cell type $_NOR_ is unknown!
   Area for cell type $_ANDNOT_ is unknown!
   Area for cell type $_ORNOT_ is unknown!
   Area for cell type $_DFF_PN0_ is unknown!
   Area for cell type $_DFFE_PN0P_ is unknown!
   Area for cell type $_DFFE_PN1P_ is unknown!

