Clock: clk
Sources: clk 
Generated: no
Virtual: yes
Propagated: no
Period: 50.000000

===========================================================================
report_clock_properties
============================================================================
Clock                   Period          Waveform
----------------------------------------------------
clk                  50.000000    0.000000 25.000000

===========================================================================
report_clock_latency
============================================================================
Clock clk
rise -> rise
    min     max
0.000000 0.000000 source latency
0.848750         network latency _157_/CLK
        0.858110 network latency _176_/CLK
---------------
0.848750 0.858110 latency
        0.009360 skew

fall -> fall
    min     max
0.000000 0.000000 source latency
0.845224         network latency _157_/CLK
        0.852957 network latency _176_/CLK
---------------
0.845224 0.852957 latency
        0.007732 skew



===========================================================================
report_clock_min_period
============================================================================
clk period_min = 4.33 fmax = 231.03
