Clock: clk
Sources: clk 
Generated: no
Virtual: yes
Propagated: no
Period: 50.000000

===========================================================================
report_clock_properties
============================================================================
Clock                   Period          Waveform
----------------------------------------------------
clk                  50.000000    0.000000 25.000000

===========================================================================
report_clock_latency
============================================================================
Clock clk
rise -> rise
    min     max
0.000000 0.000000 source latency
0.874245         network latency _161_/CLK
        0.879600 network latency _172_/CLK
---------------
0.874245 0.879600 latency
        0.005355 skew

fall -> fall
    min     max
0.000000 0.000000 source latency
0.862960         network latency _161_/CLK
        0.867305 network latency _172_/CLK
---------------
0.862960 0.867305 latency
        0.004345 skew



===========================================================================
report_clock_min_period
============================================================================
clk period_min = 4.34 fmax = 230.25
