
===========================================================================
report_checks -unconstrained
===========================================================================
======================= max_ss_100C_1v60 Corner ===================================

Startpoint: rst_n (input port clocked by clk)
Endpoint: _179_ (recovery check against rising-edge clock clk)
Path Group: asynchronous
Path Type: max

Fanout         Cap        Slew       Delay        Time   Description
---------------------------------------------------------------------------------------------
                                  0.000000    0.000000   clock clk (rise edge)
                                  0.000000    0.000000   clock network delay (propagated)
                                 10.000000   10.000000 ^ input external delay
     1    0.003949    0.039973    0.021911   10.021912 ^ rst_n (in)
                                                         rst_n (net)
                      0.039973    0.000000   10.021912 ^ fanout12/A (sky130_fd_sc_hd__clkbuf_1)
     4    0.015817    0.306883    0.305843   10.327755 ^ fanout12/X (sky130_fd_sc_hd__clkbuf_1)
                                                         net12 (net)
                      0.306883    0.000345   10.328099 ^ place50/A (sky130_fd_sc_hd__buf_1)
     7    0.027353    0.516546    0.555739   10.883838 ^ place50/X (sky130_fd_sc_hd__buf_1)
                                                         net50 (net)
                      0.516681    0.001418   10.885257 ^ place51/A (sky130_fd_sc_hd__clkbuf_1)
     2    0.007394    0.156777    0.355948   11.241204 ^ place51/X (sky130_fd_sc_hd__clkbuf_1)
                                                         net51 (net)
                      0.156777    0.000417   11.241621 ^ max_cap30/A (sky130_fd_sc_hd__buf_2)
     8    0.034165    0.271898    0.382136   11.623757 ^ max_cap30/X (sky130_fd_sc_hd__buf_2)
                                                         net31 (net)
                      0.271943    0.003485   11.627243 ^ _179_/SET_B (sky130_fd_sc_hd__dfstp_1)
                                             11.627243   data arrival time

                                 50.000000   50.000000   clock clk (rise edge)
                                  0.000000   50.000000   clock source latency
     2    0.025009    0.185144    0.127518   50.127518 ^ clk (in)
                                                         clk (net)
                      0.185181    0.000000   50.127518 ^ clkbuf_regs_0_clk/A (sky130_fd_sc_hd__clkbuf_16)
     1    0.008933    0.053276    0.258385   50.385902 ^ clkbuf_regs_0_clk/X (sky130_fd_sc_hd__clkbuf_16)
                                                         clk_regs (net)
                      0.053278    0.000675   50.386578 ^ clkbuf_0_clk_regs/A (sky130_fd_sc_hd__clkbuf_16)
     4    0.043221    0.098001    0.246132   50.632710 ^ clkbuf_0_clk_regs/X (sky130_fd_sc_hd__clkbuf_16)
                                                         clknet_0_clk_regs (net)
                      0.098040    0.001659   50.634369 ^ clkbuf_2_0__f_clk_regs/A (sky130_fd_sc_hd__clkbuf_16)
     9    0.028241    0.078073    0.245617   50.879986 ^ clkbuf_2_0__f_clk_regs/X (sky130_fd_sc_hd__clkbuf_16)
                                                         clknet_2_0__leaf_clk_regs (net)
                      0.078102    0.001382   50.881367 ^ _179_/CLK (sky130_fd_sc_hd__dfstp_1)
                                 -0.250000   50.631367   clock uncertainty
                                  0.000000   50.631367   clock reconvergence pessimism
                                  0.244845   50.876213   library recovery time
                                             50.876213   data required time
---------------------------------------------------------------------------------------------
                                             50.876213   data required time
                                            -11.627243   data arrival time
---------------------------------------------------------------------------------------------
                                             39.248966   slack (MET)


Startpoint: clk (clock source 'clk')
Endpoint: clk_comp (output port clocked by clk)
Path Group: clk
Path Type: max

Fanout         Cap        Slew       Delay        Time   Description
---------------------------------------------------------------------------------------------
                                 25.000000   25.000000   clock clk (fall edge)
                                  0.000000   25.000000   clock source latency
     2    0.023237    0.102312    0.072035   25.072035 v clk (in)
                                                         clk (net)
                      0.102358    0.000000   25.072035 v clkbuf_0_clk/A (sky130_fd_sc_hd__clkbuf_16)
     1    0.007331    0.045539    0.256676   25.328711 v clkbuf_0_clk/X (sky130_fd_sc_hd__clkbuf_16)
                                                         clknet_0_clk (net)
                      0.045540    0.000561   25.329271 v clkbuf_1_0__f_clk/A (sky130_fd_sc_hd__clkbuf_16)
     1    0.005795    0.043877    0.226956   25.556229 v clkbuf_1_0__f_clk/X (sky130_fd_sc_hd__clkbuf_16)
                                                         clknet_1_0__leaf_clk (net)
                      0.043879    0.000412   25.556641 v _092_/B (sky130_fd_sc_hd__nor2_2)
     1    0.004220    0.123528    0.128315   25.684956 ^ _092_/Y (sky130_fd_sc_hd__nor2_2)
                                                         net2 (net)
                      0.123528    0.000322   25.685276 ^ output2/A (sky130_fd_sc_hd__buf_1)
     1    0.035354    0.661653    0.596504   26.281780 ^ output2/X (sky130_fd_sc_hd__buf_1)
                                                         clk_comp (net)
                      0.661660    0.001842   26.283623 ^ clk_comp (out)
                                             26.283623   data arrival time

                                 50.000000   50.000000   clock clk (rise edge)
                                  0.000000   50.000000   clock network delay (propagated)
                                 -0.250000   49.749996   clock uncertainty
                                  0.000000   49.749996   clock reconvergence pessimism
                                -10.000000   39.749996   output external delay
                                             39.749996   data required time
---------------------------------------------------------------------------------------------
                                             39.749996   data required time
                                            -26.283623   data arrival time
---------------------------------------------------------------------------------------------
                                             13.466373   slack (MET)




===========================================================================
report_checks --slack_max -0.01
============================================================================
======================= max_ss_100C_1v60 Corner ===================================

No paths found.


===========================================================================
 report_check_types -max_slew -max_cap -max_fanout -violators
============================================================================
======================= max_ss_100C_1v60 Corner ===================================



===========================================================================
report_parasitic_annotation -report_unannotated
============================================================================
Found 4 unannotated drivers.
 out_comp_n
 clkload0/X
 clkload1/X
 clkload2/Y
Found 0 partially unannotated drivers.

===========================================================================
max slew violation count 0
max fanout violation count 0
max cap violation count 0
============================================================================

===========================================================================
check_setup -verbose -unconstrained_endpoints -multiple_clock -no_clock -no_input_delay -loops -generated_clocks
===========================================================================
