Clock: clk
Sources: clk 
Generated: no
Virtual: yes
Propagated: no
Period: 50.000000

===========================================================================
report_clock_properties
============================================================================
Clock                   Period          Waveform
----------------------------------------------------
clk                  50.000000    0.000000 25.000000

===========================================================================
report_clock_latency
============================================================================
Clock clk
rise -> rise
    min     max
0.000000 0.000000 source latency
0.869523         network latency _159_/CLK
        0.881855 network latency _176_/CLK
---------------
0.869523 0.881855 latency
        0.012332 skew

fall -> fall
    min     max
0.000000 0.000000 source latency
0.860362         network latency _159_/CLK
        0.870697 network latency _176_/CLK
---------------
0.860362 0.870697 latency
        0.010335 skew



===========================================================================
report_clock_min_period
============================================================================
clk period_min = 4.38 fmax = 228.38
