Reading timing models for corner nom_tt_025C_1v80…
Reading timing library for the 'nom_tt_025C_1v80' corner at '/foss/pdks/sky130A/libs.ref/sky130_fd_sc_hd/lib/sky130_fd_sc_hd__tt_025C_1v80.lib'…
Reading OpenROAD database at '/foss/designs/modulo4/lab02/runs/util_55/35-openroad-repairantennas/1-diodeinsertion/sar_controller.odb'…
Reading design constraints file at '/usr/local/lib/python3.12/dist-packages/librelane/scripts/base.sdc'…
[INFO] Using clock clk…
[INFO] Setting output delay to: 10.0
[INFO] Setting input delay to: 10.0
[INFO] Setting load to: 0.033442
[INFO] Setting clock uncertainty to: 0.25
[INFO] Setting clock transition to: 0.1499999999999999944488848768742172978818416595458984375
[INFO] Setting timing derate to: 5%
[INFO ORD-0030] Using 20 thread(s).
+ detailed_route -bottom_routing_layer met1 -top_routing_layer met5 -droute_end_iter 64 -or_seed 42 -verbose 1 -output_drc /foss/designs/modulo4/lab02/runs/util_55/37-openroad-detailedrouting/drt-run-0/sar_controller.drc
[INFO DRT-0149] Reading tech and libs.
[WARNING DRT-0349] LEF58_ENCLOSURE with no CUTCLASS is not supported. Skipping for layer mcon
[WARNING DRT-0349] LEF58_ENCLOSURE with no CUTCLASS is not supported. Skipping for layer mcon
[WARNING DRT-0349] LEF58_ENCLOSURE with no CUTCLASS is not supported. Skipping for layer via
[WARNING DRT-0349] LEF58_ENCLOSURE with no CUTCLASS is not supported. Skipping for layer via
[WARNING DRT-0349] LEF58_ENCLOSURE with no CUTCLASS is not supported. Skipping for layer via2
[WARNING DRT-0349] LEF58_ENCLOSURE with no CUTCLASS is not supported. Skipping for layer via2
[WARNING DRT-0349] LEF58_ENCLOSURE with no CUTCLASS is not supported. Skipping for layer via3
[WARNING DRT-0349] LEF58_ENCLOSURE with no CUTCLASS is not supported. Skipping for layer via3
[WARNING DRT-0349] LEF58_ENCLOSURE with no CUTCLASS is not supported. Skipping for layer via4
[WARNING DRT-0349] LEF58_ENCLOSURE with no CUTCLASS is not supported. Skipping for layer via4

Units:                1000
Number of layers:     13
Number of macros:     445
Number of vias:       29
Number of viarulegen: 25

[INFO DRT-0150] Reading design.

Design:                   sar_controller
Die area:                 ( 0 0 ) ( 62275 72995 )
Number of track patterns: 12
Number of DEF vias:       0
Number of components:     236
Number of terminals:      34
Number of snets:          2
Number of nets:           171

[INFO DRT-0167] List of default vias:
  Layer via
    default via: M1M2_PR
  Layer via2
    default via: M2M3_PR
  Layer via3
    default via: M3M4_PR
  Layer via4
    default via: M4M5_PR
[INFO DRT-0162] Library cell analysis.
[INFO DRT-0163] Instance analysis.
[INFO DRT-0164] Number of unique instances = 87.
[INFO DRT-0168] Init region query.
[INFO DRT-0024]   Complete FR_MASTERSLICE.
[INFO DRT-0024]   Complete licon.
[INFO DRT-0024]   Complete li1.
[INFO DRT-0024]   Complete mcon.
[INFO DRT-0024]   Complete met1.
[INFO DRT-0024]   Complete via.
[INFO DRT-0024]   Complete met2.
[INFO DRT-0024]   Complete via2.
[INFO DRT-0024]   Complete met3.
[INFO DRT-0024]   Complete via3.
[INFO DRT-0024]   Complete met4.
[INFO DRT-0024]   Complete via4.
[INFO DRT-0024]   Complete met5.
[INFO DRT-0033] FR_MASTERSLICE shape region query size = 0.
[INFO DRT-0033] licon shape region query size = 0.
[INFO DRT-0033] li1 shape region query size = 5930.
[INFO DRT-0033] mcon shape region query size = 0.
[INFO DRT-0033] met1 shape region query size = 946.
[INFO DRT-0033] via shape region query size = 95.
[INFO DRT-0033] met2 shape region query size = 75.
[INFO DRT-0033] via2 shape region query size = 76.
[INFO DRT-0033] met3 shape region query size = 71.
[INFO DRT-0033] via3 shape region query size = 76.
[INFO DRT-0033] met4 shape region query size = 25.
[INFO DRT-0033] via4 shape region query size = 2.
[INFO DRT-0033] met5 shape region query size = 6.
[INFO DRT-0165] Start pin access.
[INFO DRT-0078]   Complete 615 pins.
[INFO DRT-0081]   Complete 87 unique inst patterns.
[INFO DRT-0084]   Complete 93 groups.
#scanned instances     = 236
#unique  instances     = 87
#stdCellGenAp          = 2249
#stdCellValidPlanarAp  = 43
#stdCellValidViaAp     = 1624
#stdCellPinNoAp        = 0
#stdCellPinCnt         = 532
#instTermValidViaApCnt = 0
#macroGenAp            = 0
#macroValidPlanarAp    = 0
#macroValidViaAp       = 0
#macroNoAp             = 0
[INFO DRT-0166] Complete pin access.
[INFO DRT-0267] cpu time = 00:00:47, elapsed time = 00:00:03, memory = 111.41 (MB), peak = 111.41 (MB)

[INFO DRT-0157] Number of guides:     1186

[INFO DRT-0169] Post process guides.
[INFO DRT-0176] GCELLGRID X 0 DO 9 STEP 6900 ;
[INFO DRT-0177] GCELLGRID Y 0 DO 10 STEP 6900 ;
[INFO DRT-0028]   Complete FR_MASTERSLICE.
[INFO DRT-0028]   Complete licon.
[INFO DRT-0028]   Complete li1.
[INFO DRT-0028]   Complete mcon.
[INFO DRT-0028]   Complete met1.
[INFO DRT-0028]   Complete via.
[INFO DRT-0028]   Complete met2.
[INFO DRT-0028]   Complete via2.
[INFO DRT-0028]   Complete met3.
[INFO DRT-0028]   Complete via3.
[INFO DRT-0028]   Complete met4.
[INFO DRT-0028]   Complete via4.
[INFO DRT-0028]   Complete met5.
[INFO DRT-0178] Init guide query.
[INFO DRT-0035]   Complete FR_MASTERSLICE (guide).
[INFO DRT-0035]   Complete licon (guide).
[INFO DRT-0035]   Complete li1 (guide).
[INFO DRT-0035]   Complete mcon (guide).
[INFO DRT-0035]   Complete met1 (guide).
[INFO DRT-0035]   Complete via (guide).
[INFO DRT-0035]   Complete met2 (guide).
[INFO DRT-0035]   Complete via2 (guide).
[INFO DRT-0035]   Complete met3 (guide).
[INFO DRT-0035]   Complete via3 (guide).
[INFO DRT-0035]   Complete met4 (guide).
[INFO DRT-0035]   Complete via4 (guide).
[INFO DRT-0035]   Complete met5 (guide).
[INFO DRT-0036] FR_MASTERSLICE guide region query size = 0.
[INFO DRT-0036] licon guide region query size = 0.
[INFO DRT-0036] li1 guide region query size = 409.
[INFO DRT-0036] mcon guide region query size = 0.
[INFO DRT-0036] met1 guide region query size = 370.
[INFO DRT-0036] via guide region query size = 0.
[INFO DRT-0036] met2 guide region query size = 200.
[INFO DRT-0036] via2 guide region query size = 0.
[INFO DRT-0036] met3 guide region query size = 15.
[INFO DRT-0036] via3 guide region query size = 0.
[INFO DRT-0036] met4 guide region query size = 0.
[INFO DRT-0036] via4 guide region query size = 0.
[INFO DRT-0036] met5 guide region query size = 0.
[INFO DRT-0179] Init gr pin query.
[INFO DRT-0267] cpu time = 00:00:00, elapsed time = 00:00:00, memory = 111.88 (MB), peak = 111.88 (MB)
[INFO DRT-0245] skipped writing guide updates to database.
[INFO DRT-0185] Post process initialize RPin region query.
[INFO DRT-0181] Start track assignment.
[INFO DRT-0184] Done with 609 vertical wires in 1 frboxes and 385 horizontal wires in 1 frboxes.
[INFO DRT-0186] Done with 51 vertical wires in 1 frboxes and 102 horizontal wires in 1 frboxes.
[INFO DRT-0182] Complete track assignment.
[INFO DRT-0267] cpu time = 00:00:00, elapsed time = 00:00:00, memory = 115.48 (MB), peak = 115.48 (MB)
[INFO DRT-0187] Start routing data preparation.
[INFO DRT-0267] cpu time = 00:00:00, elapsed time = 00:00:00, memory = 115.48 (MB), peak = 115.48 (MB)
[INFO DRT-0194] Start detail routing.
[INFO DRT-0195] Start 0th optimization iteration.
    Completing 20% with 0 violations.
    elapsed time = 00:00:00, memory = 127.08 (MB).
    Completing 50% with 9 violations.
    elapsed time = 00:00:00, memory = 135.83 (MB).
    Completing 70% with 11 violations.
    elapsed time = 00:00:01, memory = 141.14 (MB).
    Completing 100% with 17 violations.
    elapsed time = 00:00:01, memory = 142.70 (MB).
[INFO DRT-0199]   Number of violations = 32.
Viol/Layer        met1   met2   met3
Metal Spacing        5      0      4
Recheck             11      4      0
Short                8      0      0
[INFO DRT-0267] cpu time = 00:00:03, elapsed time = 00:00:01, memory = 500.52 (MB), peak = 500.52 (MB)
Total wire length = 3390 um.
Total wire length on LAYER li1 = 0 um.
Total wire length on LAYER met1 = 1517 um.
Total wire length on LAYER met2 = 1770 um.
Total wire length on LAYER met3 = 103 um.
Total wire length on LAYER met4 = 0 um.
Total wire length on LAYER met5 = 0 um.
Total number of vias = 1073.
Up-via summary (total 1073):

-----------------------
 FR_MASTERSLICE       0
            li1     516
           met1     534
           met2      23
           met3       0
           met4       0
-----------------------
               1073


[INFO DRT-0195] Start 1st optimization iteration.
    Completing 20% with 32 violations.
    elapsed time = 00:00:00, memory = 514.42 (MB).
    Completing 50% with 29 violations.
    elapsed time = 00:00:00, memory = 526.14 (MB).
    Completing 70% with 30 violations.
    elapsed time = 00:00:00, memory = 526.14 (MB).
    Completing 100% with 24 violations.
    elapsed time = 00:00:01, memory = 541.77 (MB).
[INFO DRT-0199]   Number of violations = 24.
Viol/Layer        met1   met2   met3
Metal Spacing        2      2      3
Short               17      0      0
[INFO DRT-0267] cpu time = 00:00:02, elapsed time = 00:00:01, memory = 541.77 (MB), peak = 541.77 (MB)
Total wire length = 3372 um.
Total wire length on LAYER li1 = 0 um.
Total wire length on LAYER met1 = 1504 um.
Total wire length on LAYER met2 = 1761 um.
Total wire length on LAYER met3 = 107 um.
Total wire length on LAYER met4 = 0 um.
Total wire length on LAYER met5 = 0 um.
Total number of vias = 1070.
Up-via summary (total 1070):

-----------------------
 FR_MASTERSLICE       0
            li1     514
           met1     536
           met2      20
           met3       0
           met4       0
-----------------------
               1070


[INFO DRT-0195] Start 2nd optimization iteration.
    Completing 10% with 24 violations.
    elapsed time = 00:00:00, memory = 541.77 (MB).
    Completing 30% with 24 violations.
    elapsed time = 00:00:00, memory = 541.77 (MB).
    Completing 50% with 24 violations.
    elapsed time = 00:00:00, memory = 548.48 (MB).
    Completing 60% with 21 violations.
    elapsed time = 00:00:00, memory = 548.48 (MB).
    Completing 80% with 21 violations.
    elapsed time = 00:00:00, memory = 548.48 (MB).
    Completing 100% with 1 violations.
    elapsed time = 00:00:01, memory = 563.73 (MB).
[INFO DRT-0199]   Number of violations = 1.
Viol/Layer        met1
Short                1
[INFO DRT-0267] cpu time = 00:00:03, elapsed time = 00:00:01, memory = 563.73 (MB), peak = 583.33 (MB)
Total wire length = 3376 um.
Total wire length on LAYER li1 = 0 um.
Total wire length on LAYER met1 = 1519 um.
Total wire length on LAYER met2 = 1755 um.
Total wire length on LAYER met3 = 101 um.
Total wire length on LAYER met4 = 0 um.
Total wire length on LAYER met5 = 0 um.
Total number of vias = 1054.
Up-via summary (total 1054):

-----------------------
 FR_MASTERSLICE       0
            li1     513
           met1     523
           met2      18
           met3       0
           met4       0
-----------------------
               1054


[INFO DRT-0195] Start 3rd stubborn tiles iteration.
    Completing 10% with 1 violations.
    elapsed time = 00:00:00, memory = 1002.16 (MB).
    Completing 20% with 1 violations.
    elapsed time = 00:00:00, memory = 1065.60 (MB).
    Completing 30% with 1 violations.
    elapsed time = 00:00:00, memory = 1075.29 (MB).
    Completing 40% with 1 violations.
    elapsed time = 00:00:00, memory = 1081.70 (MB).
    Completing 50% with 1 violations.
    elapsed time = 00:00:01, memory = 1112.48 (MB).
    Completing 60% with 1 violations.
    elapsed time = 00:00:01, memory = 1118.26 (MB).
    Completing 70% with 1 violations.
    elapsed time = 00:00:01, memory = 1147.79 (MB).
    Completing 80% with 1 violations.
    elapsed time = 00:00:01, memory = 1154.20 (MB).
    Completing 90% with 1 violations.
    elapsed time = 00:00:01, memory = 1157.79 (MB).
    Completing 100% with 0 violations.
    elapsed time = 00:00:01, memory = 1157.79 (MB).
[INFO DRT-0199]   Number of violations = 0.
[INFO DRT-0267] cpu time = 00:00:31, elapsed time = 00:00:01, memory = 1157.79 (MB), peak = 1157.79 (MB)
Total wire length = 3376 um.
Total wire length on LAYER li1 = 0 um.
Total wire length on LAYER met1 = 1518 um.
Total wire length on LAYER met2 = 1755 um.
Total wire length on LAYER met3 = 101 um.
Total wire length on LAYER met4 = 0 um.
Total wire length on LAYER met5 = 0 um.
Total number of vias = 1056.
Up-via summary (total 1056):

-----------------------
 FR_MASTERSLICE       0
            li1     513
           met1     525
           met2      18
           met3       0
           met4       0
-----------------------
               1056


[INFO DRT-0198] Complete detail routing.
Total wire length = 3376 um.
Total wire length on LAYER li1 = 0 um.
Total wire length on LAYER met1 = 1518 um.
Total wire length on LAYER met2 = 1755 um.
Total wire length on LAYER met3 = 101 um.
Total wire length on LAYER met4 = 0 um.
Total wire length on LAYER met5 = 0 um.
Total number of vias = 1056.
Up-via summary (total 1056):

-----------------------
 FR_MASTERSLICE       0
            li1     513
           met1     525
           met2      18
           met3       0
           met4       0
-----------------------
               1056


[INFO DRT-0267] cpu time = 00:00:41, elapsed time = 00:00:06, memory = 1157.95 (MB), peak = 1157.95 (MB)

[INFO DRT-0180] Post processing.
[INFO] Skipping post-DRT antenna repair: DRT_ANTENNA_REPAIR_ITERS set to 0.
Setting global connections for newly added cells…
[INFO] Setting global connections...
Updating metrics…
Cell type report:                       Count       Area
  Fill cell                                36     135.13
  Tap cell                                 30      37.54
  Clock buffer                             11     218.96
  Timing Repair Buffer                     50     253.99
  Inverter                                  4      15.01
  Clock inverter                            1      30.03
  Sequential cell                          30     789.51
  Multi-Input combinational cell           74     600.58
  Total                                   236    2080.75
Writing OpenROAD database to '/foss/designs/modulo4/lab02/runs/util_55/37-openroad-detailedrouting/sar_controller.odb'…
Writing netlist to '/foss/designs/modulo4/lab02/runs/util_55/37-openroad-detailedrouting/sar_controller.nl.v'…
Writing powered netlist to '/foss/designs/modulo4/lab02/runs/util_55/37-openroad-detailedrouting/sar_controller.pnl.v'…
Writing layout to '/foss/designs/modulo4/lab02/runs/util_55/37-openroad-detailedrouting/sar_controller.def'…
Writing timing constraints to '/foss/designs/modulo4/lab02/runs/util_55/37-openroad-detailedrouting/sar_controller.sdc'…
