Clock: clk
Sources: clk 
Generated: no
Virtual: yes
Propagated: no
Period: 50.000000

===========================================================================
report_clock_properties
============================================================================
Clock                   Period          Waveform
----------------------------------------------------
clk                  50.000000    0.000000 25.000000

===========================================================================
report_clock_latency
============================================================================
Clock clk
rise -> rise
    min     max
0.000000 0.000000 source latency
0.485194         network latency _157_/CLK
        0.491900 network latency _176_/CLK
---------------
0.485194 0.491900 latency
        0.006707 skew

fall -> fall
    min     max
0.000000 0.000000 source latency
0.470802         network latency _157_/CLK
        0.476540 network latency _176_/CLK
---------------
0.470802 0.476540 latency
        0.005738 skew



===========================================================================
report_clock_min_period
============================================================================
clk period_min = 2.18 fmax = 457.83
