Clock: clk
Sources: clk 
Generated: no
Virtual: no
Propagated: no
Period: 50.000000

===========================================================================
report_clock_properties
============================================================================
Clock                   Period          Waveform
----------------------------------------------------
clk                  50.000000    0.000000 25.000000

===========================================================================
report_clock_latency
============================================================================
Clock clk
rise -> rise
    min     max
0.000000 0.000000 source latency
0.149133         network latency _150_/CLK
        0.149133 network latency _150_/CLK
---------------
0.149133 0.149133 latency
        0.000000 skew

fall -> fall
    min     max
0.000000 0.000000 source latency
0.063750         network latency _150_/CLK
        0.063750 network latency _150_/CLK
---------------
0.063750 0.063750 latency
        0.000000 skew



===========================================================================
report_clock_min_period
============================================================================
clk period_min = 1.06 fmax = 944.72
