Reading timing models for corner max_tt_025C_1v80…
Reading timing library for the 'max_tt_025C_1v80' corner at '/foss/pdks/sky130A/libs.ref/sky130_fd_sc_hd/lib/sky130_fd_sc_hd__tt_025C_1v80.lib'…
Reading timing models for corner min_ss_100C_1v60…
Reading timing library for the 'min_ss_100C_1v60' corner at '/foss/pdks/sky130A/libs.ref/sky130_fd_sc_hd/lib/sky130_fd_sc_hd__ss_100C_1v60.lib'…
Reading timing models for corner nom_tt_025C_1v80…
Reading timing library for the 'nom_tt_025C_1v80' corner at '/foss/pdks/sky130A/libs.ref/sky130_fd_sc_hd/lib/sky130_fd_sc_hd__tt_025C_1v80.lib'…
[WARNING STA-1140] /foss/pdks/sky130A/libs.ref/sky130_fd_sc_hd/lib/sky130_fd_sc_hd__tt_025C_1v80.lib line 1, library sky130_fd_sc_hd__tt_025C_1v80 already exists.
Reading timing models for corner max_ff_n40C_1v95…
Reading timing library for the 'max_ff_n40C_1v95' corner at '/foss/pdks/sky130A/libs.ref/sky130_fd_sc_hd/lib/sky130_fd_sc_hd__ff_n40C_1v95.lib'…
Reading timing models for corner nom_ff_n40C_1v95…
Reading timing library for the 'nom_ff_n40C_1v95' corner at '/foss/pdks/sky130A/libs.ref/sky130_fd_sc_hd/lib/sky130_fd_sc_hd__ff_n40C_1v95.lib'…
[WARNING STA-1140] /foss/pdks/sky130A/libs.ref/sky130_fd_sc_hd/lib/sky130_fd_sc_hd__ff_n40C_1v95.lib line 1, library sky130_fd_sc_hd__ff_n40C_1v95 already exists.
Reading timing models for corner max_ss_100C_1v60…
Reading timing library for the 'max_ss_100C_1v60' corner at '/foss/pdks/sky130A/libs.ref/sky130_fd_sc_hd/lib/sky130_fd_sc_hd__ss_100C_1v60.lib'…
[WARNING STA-1140] /foss/pdks/sky130A/libs.ref/sky130_fd_sc_hd/lib/sky130_fd_sc_hd__ss_100C_1v60.lib line 1, library sky130_fd_sc_hd__ss_100C_1v60 already exists.
Reading timing models for corner min_tt_025C_1v80…
Reading timing library for the 'min_tt_025C_1v80' corner at '/foss/pdks/sky130A/libs.ref/sky130_fd_sc_hd/lib/sky130_fd_sc_hd__tt_025C_1v80.lib'…
[WARNING STA-1140] /foss/pdks/sky130A/libs.ref/sky130_fd_sc_hd/lib/sky130_fd_sc_hd__tt_025C_1v80.lib line 1, library sky130_fd_sc_hd__tt_025C_1v80 already exists.
Reading timing models for corner nom_ss_100C_1v60…
Reading timing library for the 'nom_ss_100C_1v60' corner at '/foss/pdks/sky130A/libs.ref/sky130_fd_sc_hd/lib/sky130_fd_sc_hd__ss_100C_1v60.lib'…
[WARNING STA-1140] /foss/pdks/sky130A/libs.ref/sky130_fd_sc_hd/lib/sky130_fd_sc_hd__ss_100C_1v60.lib line 1, library sky130_fd_sc_hd__ss_100C_1v60 already exists.
Reading timing models for corner min_ff_n40C_1v95…
Reading timing library for the 'min_ff_n40C_1v95' corner at '/foss/pdks/sky130A/libs.ref/sky130_fd_sc_hd/lib/sky130_fd_sc_hd__ff_n40C_1v95.lib'…
[WARNING STA-1140] /foss/pdks/sky130A/libs.ref/sky130_fd_sc_hd/lib/sky130_fd_sc_hd__ff_n40C_1v95.lib line 1, library sky130_fd_sc_hd__ff_n40C_1v95 already exists.
Reading OpenROAD database at '/foss/designs/modulo4/lab02/runs/util_55/22-openroad-globalplacement/sar_controller.odb'…
Reading design constraints file at '/usr/local/lib/python3.12/dist-packages/librelane/scripts/base.sdc'…
[INFO] Using clock clk…
[INFO] Setting output delay to: 10.0
[INFO] Setting input delay to: 10.0
[INFO] Setting load to: 0.033442
[INFO] Setting clock uncertainty to: 0.25
[INFO] Setting clock transition to: 0.1499999999999999944488848768742172978818416595458984375
[INFO] Setting timing derate to: 5%
[INFO RSZ-0027] Inserted 1 sky130_fd_sc_hd__buf_1 input buffers.
[INFO RSZ-0028] Inserted 28 sky130_fd_sc_hd__buf_1 output buffers.
+ repair_design -verbose -max_wire_length 0 -slew_margin 20 -cap_margin 20
Iteration |   Area    | Resized | Buffers | Nets repaired | Remaining
---------------------------------------------------------------------
        0 |     +0.0% |       0 |       0 |             0 |       150
       10 |     +0.0% |       0 |       0 |             0 |       140
       20 |     +0.0% |       0 |       0 |             0 |       130
       30 |     +0.0% |       0 |       0 |             0 |       120
       40 |     +0.0% |       0 |       0 |             0 |       110
       50 |     +0.0% |       0 |       0 |             0 |       100
       60 |     +0.3% |       4 |       1 |             1 |        90
       70 |     +0.3% |       9 |       1 |             1 |        80
       80 |     +0.3% |      16 |       1 |             2 |        70
       90 |     +0.2% |      24 |       1 |             4 |        60
      100 |     +0.2% |      44 |       1 |            14 |        50
      110 |     +0.2% |      64 |       1 |            24 |        40
      120 |     +0.5% |      74 |       2 |            29 |        30
      130 |     -0.2% |      77 |       2 |            29 |        20
      140 |     -0.7% |      84 |       2 |            29 |        10
      150 |     -1.3% |      90 |       3 |            30 |         0
    final |     -1.3% |      90 |       3 |            30 |         0
---------------------------------------------------------------------
[INFO RSZ-0034] Found 30 slew violations.
[INFO RSZ-0039] Resized 90 instances.
[INFO RSZ-0038] Inserted 3 buffers in 30 nets.
+ detailed_placement -max_displacement  500 100 
Placement Analysis
---------------------------------
total displacement        433.6 u
average displacement        2.0 u
max displacement           16.4 u
original HPWL            2385.9 u
legalized HPWL           2741.9 u
delta HPWL                   15 %

[INFO DPL-0020] Mirrored 55 instances
[INFO DPL-0021] HPWL before            2741.9 u
[INFO DPL-0022] HPWL after             2644.1 u
[INFO DPL-0023] HPWL delta               -3.6 %
Setting global connections for newly added cells…
[INFO] Setting global connections...
Updating metrics…
Cell type report:                       Count       Area
  Fill cell                                36     135.13
  Tap cell                                 30      37.54
  Clock buffer                              1       3.75
  Timing Repair Buffer                     40     153.90
  Inverter                                  4      15.01
  Sequential cell                          30     789.51
  Multi-Input combinational cell           74     600.58
  Total                                   215    1735.41
Writing OpenROAD database to '/foss/designs/modulo4/lab02/runs/util_55/25-openroad-repairdesignpostgpl/sar_controller.odb'…
Writing netlist to '/foss/designs/modulo4/lab02/runs/util_55/25-openroad-repairdesignpostgpl/sar_controller.nl.v'…
Writing powered netlist to '/foss/designs/modulo4/lab02/runs/util_55/25-openroad-repairdesignpostgpl/sar_controller.pnl.v'…
Writing layout to '/foss/designs/modulo4/lab02/runs/util_55/25-openroad-repairdesignpostgpl/sar_controller.def'…
Writing timing constraints to '/foss/designs/modulo4/lab02/runs/util_55/25-openroad-repairdesignpostgpl/sar_controller.sdc'…
