Reading timing models for corner nom_tt_025C_1v80…
Reading timing library for the 'nom_tt_025C_1v80' corner at '/foss/pdks/sky130A/libs.ref/sky130_fd_sc_hd/lib/sky130_fd_sc_hd__tt_025C_1v80.lib'…
Reading OpenROAD database at '/foss/designs/modulo4/lab02/runs/util_55/12-openroad-cutrows/sar_controller.odb'…
Reading design constraints file at '/usr/local/lib/python3.12/dist-packages/librelane/scripts/base.sdc'…
[INFO] Using clock clk…
[INFO] Setting output delay to: 10.0
[INFO] Setting input delay to: 10.0
[INFO] Setting load to: 0.033442
[INFO] Setting clock uncertainty to: 0.25
[INFO] Setting clock transition to: 0.1499999999999999944488848768742172978818416595458984375
[INFO] Setting timing derate to: 5%
+ tapcell -halo_width_x 10 -halo_width_y 10 -distance 13 -tapcell_master sky130_fd_sc_hd__tapvpwrvgnd_1 -endcap_master sky130_fd_sc_hd__decap_3
[INFO TAP-0004] Inserted 36 endcaps.
[INFO TAP-0005] Inserted 30 tapcells.
Setting global connections for newly added cells…
[INFO] Setting global connections...
Updating metrics…
Cell type report:                       Count       Area
  Fill cell                                36     135.13
  Tap cell                                 30      37.54
  Inverter                                  4      15.01
  Sequential cell                          30     788.26
  Multi-Input combinational cell           74     640.61
  Total                                   174    1616.55
Writing OpenROAD database to '/foss/designs/modulo4/lab02/runs/util_55/13-openroad-tapendcapinsertion/sar_controller.odb'…
Writing netlist to '/foss/designs/modulo4/lab02/runs/util_55/13-openroad-tapendcapinsertion/sar_controller.nl.v'…
Writing powered netlist to '/foss/designs/modulo4/lab02/runs/util_55/13-openroad-tapendcapinsertion/sar_controller.pnl.v'…
Writing layout to '/foss/designs/modulo4/lab02/runs/util_55/13-openroad-tapendcapinsertion/sar_controller.def'…
Writing timing constraints to '/foss/designs/modulo4/lab02/runs/util_55/13-openroad-tapendcapinsertion/sar_controller.sdc'…
