+ analyze_power_grid -net VPWR -voltage_file /foss/designs/modulo4/lab02/runs/util_30/49-openroad-irdropreport/net-VPWR.csv
[INFO PSM-0040] All shapes on net VPWR are connected.
########## IR report #################
Net              : VPWR
Corner           : nom_tt_025C_1v80
Supply voltage   : 1.80e+00 V
Worstcase voltage: 1.80e+00 V
Average voltage  : 1.80e+00 V
Average IR drop  : 1.60e-05 V
Worstcase IR drop: 6.16e-05 V
Percentage drop  : 0.00 %
######################################
+ analyze_power_grid -net VGND -voltage_file /foss/designs/modulo4/lab02/runs/util_30/49-openroad-irdropreport/net-VGND.csv
[INFO PSM-0040] All shapes on net VGND are connected.
########## IR report #################
Net              : VGND
Corner           : nom_tt_025C_1v80
Supply voltage   : 0.00e+00 V
Worstcase voltage: 6.90e-05 V
Average voltage  : 1.46e-05 V
Average IR drop  : 1.46e-05 V
Worstcase IR drop: 6.90e-05 V
Percentage drop  : 0.00 %
######################################
