Clock: clk
Sources: clk 
Generated: no
Virtual: yes
Propagated: no
Period: 50.000000

===========================================================================
report_clock_properties
============================================================================
Clock                   Period          Waveform
----------------------------------------------------
clk                  50.000000    0.000000 25.000000

===========================================================================
report_clock_latency
============================================================================
Clock clk
rise -> rise
    min     max
0.000000 0.000000 source latency
0.350090         network latency _171_/CLK
        0.354595 network latency _178_/CLK
---------------
0.350090 0.354595 latency
        0.004505 skew

fall -> fall
    min     max
0.000000 0.000000 source latency
0.331537         network latency _171_/CLK
        0.335548 network latency _178_/CLK
---------------
0.331537 0.335548 latency
        0.004011 skew



===========================================================================
report_clock_min_period
============================================================================
clk period_min = 1.48 fmax = 676.51
