
===========================================================================
report_checks -unconstrained
===========================================================================
======================= nom_ss_100C_1v60 Corner ===================================

Startpoint: rst_n (input port clocked by clk)
Endpoint: _179_ (recovery check against rising-edge clock clk)
Path Group: asynchronous
Path Type: max

Fanout         Cap        Slew       Delay        Time   Description
---------------------------------------------------------------------------------------------
                                  0.000000    0.000000   clock clk (rise edge)
                                  0.000000    0.000000   clock network delay (propagated)
                                 10.000000   10.000000 ^ input external delay
     1    0.003805    0.038989    0.021107   10.021107 ^ rst_n (in)
                                                         rst_n (net)
                      0.038989    0.000000   10.021107 ^ fanout12/A (sky130_fd_sc_hd__clkbuf_1)
     4    0.015506    0.301138    0.301464   10.322571 ^ fanout12/X (sky130_fd_sc_hd__clkbuf_1)
                                                         net12 (net)
                      0.301138    0.000191   10.322762 ^ place50/A (sky130_fd_sc_hd__buf_1)
     7    0.026558    0.501854    0.544580   10.867341 ^ place50/X (sky130_fd_sc_hd__buf_1)
                                                         net50 (net)
                      0.501854    0.000579   10.867920 ^ place51/A (sky130_fd_sc_hd__clkbuf_1)
     2    0.007175    0.152733    0.349090   11.217010 ^ place51/X (sky130_fd_sc_hd__clkbuf_1)
                                                         net51 (net)
                      0.152733    0.000179   11.217189 ^ max_cap30/A (sky130_fd_sc_hd__buf_2)
     8    0.033348    0.265593    0.376861   11.594049 ^ max_cap30/X (sky130_fd_sc_hd__buf_2)
                                                         net31 (net)
                      0.265599    0.001702   11.595752 ^ _179_/SET_B (sky130_fd_sc_hd__dfstp_1)
                                             11.595752   data arrival time

                                 50.000000   50.000000   clock clk (rise edge)
                                  0.000000   50.000000   clock source latency
     2    0.024118    0.178801    0.122768   50.122765 ^ clk (in)
                                                         clk (net)
                      0.178815    0.000000   50.122765 ^ clkbuf_regs_0_clk/A (sky130_fd_sc_hd__clkbuf_16)
     1    0.008779    0.052981    0.255248   50.378014 ^ clkbuf_regs_0_clk/X (sky130_fd_sc_hd__clkbuf_16)
                                                         clk_regs (net)
                      0.052981    0.000277   50.378292 ^ clkbuf_0_clk_regs/A (sky130_fd_sc_hd__clkbuf_16)
     4    0.042067    0.096561    0.245056   50.623348 ^ clkbuf_0_clk_regs/X (sky130_fd_sc_hd__clkbuf_16)
                                                         clknet_0_clk_regs (net)
                      0.096591    0.000846   50.624191 ^ clkbuf_2_0__f_clk_regs/A (sky130_fd_sc_hd__clkbuf_16)
     9    0.027161    0.076575    0.243805   50.867996 ^ clkbuf_2_0__f_clk_regs/X (sky130_fd_sc_hd__clkbuf_16)
                                                         clknet_2_0__leaf_clk_regs (net)
                      0.076578    0.000533   50.868530 ^ _179_/CLK (sky130_fd_sc_hd__dfstp_1)
                                 -0.250000   50.618530   clock uncertainty
                                  0.000000   50.618530   clock reconvergence pessimism
                                  0.245202   50.863731   library recovery time
                                             50.863731   data required time
---------------------------------------------------------------------------------------------
                                             50.863731   data required time
                                            -11.595752   data arrival time
---------------------------------------------------------------------------------------------
                                             39.267979   slack (MET)


Startpoint: clk (clock source 'clk')
Endpoint: clk_comp (output port clocked by clk)
Path Group: clk
Path Type: max

Fanout         Cap        Slew       Delay        Time   Description
---------------------------------------------------------------------------------------------
                                 25.000000   25.000000   clock clk (fall edge)
                                  0.000000   25.000000   clock source latency
     2    0.022346    0.098882    0.068964   25.068962 v clk (in)
                                                         clk (net)
                      0.098897    0.000000   25.068962 v clkbuf_0_clk/A (sky130_fd_sc_hd__clkbuf_16)
     1    0.007299    0.045471    0.254985   25.323948 v clkbuf_0_clk/X (sky130_fd_sc_hd__clkbuf_16)
                                                         clknet_0_clk (net)
                      0.045471    0.000217   25.324165 v clkbuf_1_0__f_clk/A (sky130_fd_sc_hd__clkbuf_16)
     1    0.005677    0.043744    0.226756   25.550920 v clkbuf_1_0__f_clk/X (sky130_fd_sc_hd__clkbuf_16)
                                                         clknet_1_0__leaf_clk (net)
                      0.043745    0.000188   25.551109 v _092_/B (sky130_fd_sc_hd__nor2_2)
     1    0.004069    0.121247    0.126354   25.677464 ^ _092_/Y (sky130_fd_sc_hd__nor2_2)
                                                         net2 (net)
                      0.121247    0.000144   25.677607 ^ output2/A (sky130_fd_sc_hd__buf_1)
     1    0.035239    0.659366    0.594930   26.272537 ^ output2/X (sky130_fd_sc_hd__buf_1)
                                                         clk_comp (net)
                      0.659368    0.000782   26.273319 ^ clk_comp (out)
                                             26.273319   data arrival time

                                 50.000000   50.000000   clock clk (rise edge)
                                  0.000000   50.000000   clock network delay (propagated)
                                 -0.250000   49.749996   clock uncertainty
                                  0.000000   49.749996   clock reconvergence pessimism
                                -10.000000   39.749996   output external delay
                                             39.749996   data required time
---------------------------------------------------------------------------------------------
                                             39.749996   data required time
                                            -26.273319   data arrival time
---------------------------------------------------------------------------------------------
                                             13.476678   slack (MET)




===========================================================================
report_checks --slack_max -0.01
============================================================================
======================= nom_ss_100C_1v60 Corner ===================================

No paths found.


===========================================================================
 report_check_types -max_slew -max_cap -max_fanout -violators
============================================================================
======================= nom_ss_100C_1v60 Corner ===================================



===========================================================================
report_parasitic_annotation -report_unannotated
============================================================================
Found 4 unannotated drivers.
 out_comp_n
 clkload0/X
 clkload1/X
 clkload2/Y
Found 0 partially unannotated drivers.

===========================================================================
max slew violation count 0
max fanout violation count 0
max cap violation count 0
============================================================================

===========================================================================
check_setup -verbose -unconstrained_endpoints -multiple_clock -no_clock -no_input_delay -loops -generated_clocks
===========================================================================
