Clock: clk
Sources: clk 
Generated: no
Virtual: yes
Propagated: no
Period: 50.000000

===========================================================================
report_clock_properties
============================================================================
Clock                   Period          Waveform
----------------------------------------------------
clk                  50.000000    0.000000 25.000000

===========================================================================
report_clock_latency
============================================================================
Clock clk
rise -> rise
    min     max
0.000000 0.000000 source latency
0.858139         network latency _159_/CLK
        0.868756 network latency _176_/CLK
---------------
0.858139 0.868756 latency
        0.010617 skew

fall -> fall
    min     max
0.000000 0.000000 source latency
0.852053         network latency _159_/CLK
        0.860869 network latency _176_/CLK
---------------
0.852053 0.860869 latency
        0.008816 skew



===========================================================================
report_clock_min_period
============================================================================
clk period_min = 4.35 fmax = 229.92
