Reading timing models for corner nom_tt_025C_1v80…
Reading timing library for the 'nom_tt_025C_1v80' corner at '/foss/pdks/sky130A/libs.ref/sky130_fd_sc_hd/lib/sky130_fd_sc_hd__tt_025C_1v80.lib'…
Reading OpenROAD database at '/foss/designs/modulo4/lab02/runs/util_40/41-odb-reportdisconnectedpins/sar_controller.odb'…
Reading design constraints file at '/usr/local/lib/python3.12/dist-packages/librelane/scripts/base.sdc'…
[INFO] Using clock clk…
[INFO] Setting output delay to: 10.0
[INFO] Setting input delay to: 10.0
[INFO] Setting load to: 0.033442
[INFO] Setting clock uncertainty to: 0.25
[INFO] Setting clock transition to: 0.1499999999999999944488848768742172978818416595458984375
[INFO] Setting timing derate to: 5%
sky130_fd_sc_hd__decap_3 sky130_fd_sc_hd__fill_2 sky130_fd_sc_hd__fill_1
[INFO DPL-0001] Placed 443 filler instances.
Setting global connections for newly added cells…
[INFO] Setting global connections...
Updating metrics…
Cell type report:                       Count       Area
  Fill cell                               487    1646.58
  Tap cell                                 48      60.06
  Clock buffer                              9     203.95
  Timing Repair Buffer                     50     247.74
  Inverter                                  4      15.01
  Clock inverter                            3      15.01
  Sequential cell                          30     789.51
  Multi-Input combinational cell           74     600.58
  Total                                   705    3578.43
Writing OpenROAD database to '/foss/designs/modulo4/lab02/runs/util_40/45-openroad-fillinsertion/sar_controller.odb'…
Writing netlist to '/foss/designs/modulo4/lab02/runs/util_40/45-openroad-fillinsertion/sar_controller.nl.v'…
Writing powered netlist to '/foss/designs/modulo4/lab02/runs/util_40/45-openroad-fillinsertion/sar_controller.pnl.v'…
Writing layout to '/foss/designs/modulo4/lab02/runs/util_40/45-openroad-fillinsertion/sar_controller.def'…
Writing timing constraints to '/foss/designs/modulo4/lab02/runs/util_40/45-openroad-fillinsertion/sar_controller.sdc'…
