Clock: clk
Sources: clk 
Generated: no
Virtual: yes
Propagated: no
Period: 50.000000

===========================================================================
report_clock_properties
============================================================================
Clock                   Period          Waveform
----------------------------------------------------
clk                  50.000000    0.000000 25.000000

===========================================================================
report_clock_latency
============================================================================
Clock clk
rise -> rise
    min     max
0.000000 0.000000 source latency
0.481776         network latency _171_/CLK
        0.485114 network latency _153_/CLK
---------------
0.481776 0.485114 latency
        0.003337 skew

fall -> fall
    min     max
0.000000 0.000000 source latency
0.469916         network latency _171_/CLK
        0.472886 network latency _153_/CLK
---------------
0.469916 0.472886 latency
        0.002970 skew



===========================================================================
report_clock_min_period
============================================================================
clk period_min = 2.18 fmax = 459.47
