114. Printing statistics.

=== sar_controller ===

   Number of wires:                 99
   Number of wire bits:            165
   Number of public wires:          14
   Number of public wire bits:      80
   Number of ports:                 11
   Number of port bits:             32
   Number of memories:               0
   Number of memory bits:            0
   Number of processes:              0
   Number of cells:                122
     $_ANDNOT_                      10
     $_AND_                          2
     $_MUX_                         25
     $_NAND_                         1
     $_NOR_                         11
     $_NOT_                          2
     $_ORNOT_                        4
     $_OR_                          37
     sky130_fd_sc_hd__dfrtp_2       14
     sky130_fd_sc_hd__dfstp_2       16

   Area for cell type $_NOT_ is unknown!
   Area for cell type $_AND_ is unknown!
   Area for cell type $_NAND_ is unknown!
   Area for cell type $_OR_ is unknown!
   Area for cell type $_NOR_ is unknown!
   Area for cell type $_ANDNOT_ is unknown!
   Area for cell type $_ORNOT_ is unknown!
   Area for cell type $_MUX_ is unknown!

   Chip area for module '\sar_controller': 788.256000
     of which used for sequential elements: 788.256000 (100.00%)

