Clock: clk
Sources: clk 
Generated: no
Virtual: yes
Propagated: no
Period: 50.000000

===========================================================================
report_clock_properties
============================================================================
Clock                   Period          Waveform
----------------------------------------------------
clk                  50.000000    0.000000 25.000000

===========================================================================
report_clock_latency
============================================================================
Clock clk
rise -> rise
    min     max
0.000000 0.000000 source latency
0.480416         network latency _157_/CLK
        0.483568 network latency _176_/CLK
---------------
0.480416 0.483568 latency
        0.003153 skew

fall -> fall
    min     max
0.000000 0.000000 source latency
0.467542         network latency _157_/CLK
        0.470179 network latency _175_/CLK
---------------
0.467542 0.470179 latency
        0.002636 skew



===========================================================================
report_clock_min_period
============================================================================
clk period_min = 2.13 fmax = 469.23
