Clock: clk
Sources: clk 
Generated: no
Virtual: yes
Propagated: no
Period: 50.000000

===========================================================================
report_clock_properties
============================================================================
Clock                   Period          Waveform
----------------------------------------------------
clk                  50.000000    0.000000 25.000000

===========================================================================
report_clock_latency
============================================================================
Clock clk
rise -> rise
    min     max
0.000000 0.000000 source latency
0.861359         network latency _171_/CLK
        0.866456 network latency _178_/CLK
---------------
0.861359 0.866456 latency
        0.005097 skew

fall -> fall
    min     max
0.000000 0.000000 source latency
0.854273         network latency _171_/CLK
        0.858801 network latency _178_/CLK
---------------
0.854273 0.858801 latency
        0.004528 skew



===========================================================================
report_clock_min_period
============================================================================
clk period_min = 4.33 fmax = 231.16
