Reading timing models for corner nom_tt_025C_1v80…
Reading timing library for the 'nom_tt_025C_1v80' corner at '/foss/pdks/sky130A/libs.ref/sky130_fd_sc_hd/lib/sky130_fd_sc_hd__tt_025C_1v80.lib'…
Reading OpenROAD database at '/foss/designs/modulo4/lab02/runs/RUN_2026-05-12_18-02-55/35-openroad-repairantennas/1-diodeinsertion/sar_controller.odb'…
Reading design constraints file at '/usr/local/lib/python3.12/dist-packages/librelane/scripts/base.sdc'…
[INFO] Using clock clk…
[INFO] Setting output delay to: 10.0
[INFO] Setting input delay to: 10.0
[INFO] Setting load to: 0.033442
[INFO] Setting clock uncertainty to: 0.25
[INFO] Setting clock transition to: 0.1499999999999999944488848768742172978818416595458984375
[INFO] Setting timing derate to: 5%
[INFO ORD-0030] Using 20 thread(s).
+ detailed_route -bottom_routing_layer met1 -top_routing_layer met5 -droute_end_iter 64 -or_seed 42 -verbose 1 -output_drc /foss/designs/modulo4/lab02/runs/RUN_2026-05-12_18-02-55/37-openroad-detailedrouting/drt-run-0/sar_controller.drc
[INFO DRT-0149] Reading tech and libs.
[WARNING DRT-0349] LEF58_ENCLOSURE with no CUTCLASS is not supported. Skipping for layer mcon
[WARNING DRT-0349] LEF58_ENCLOSURE with no CUTCLASS is not supported. Skipping for layer mcon
[WARNING DRT-0349] LEF58_ENCLOSURE with no CUTCLASS is not supported. Skipping for layer via
[WARNING DRT-0349] LEF58_ENCLOSURE with no CUTCLASS is not supported. Skipping for layer via
[WARNING DRT-0349] LEF58_ENCLOSURE with no CUTCLASS is not supported. Skipping for layer via2
[WARNING DRT-0349] LEF58_ENCLOSURE with no CUTCLASS is not supported. Skipping for layer via2
[WARNING DRT-0349] LEF58_ENCLOSURE with no CUTCLASS is not supported. Skipping for layer via3
[WARNING DRT-0349] LEF58_ENCLOSURE with no CUTCLASS is not supported. Skipping for layer via3
[WARNING DRT-0349] LEF58_ENCLOSURE with no CUTCLASS is not supported. Skipping for layer via4
[WARNING DRT-0349] LEF58_ENCLOSURE with no CUTCLASS is not supported. Skipping for layer via4

Units:                1000
Number of layers:     13
Number of macros:     445
Number of vias:       29
Number of viarulegen: 25

[INFO DRT-0150] Reading design.

Design:                   sar_controller
Die area:                 ( 0 0 ) ( 71120 81840 )
Number of track patterns: 12
Number of DEF vias:       0
Number of components:     262
Number of terminals:      34
Number of snets:          2
Number of nets:           171

[INFO DRT-0167] List of default vias:
  Layer via
    default via: M1M2_PR
  Layer via2
    default via: M2M3_PR
  Layer via3
    default via: M3M4_PR
  Layer via4
    default via: M4M5_PR
[INFO DRT-0162] Library cell analysis.
[INFO DRT-0163] Instance analysis.
[INFO DRT-0164] Number of unique instances = 91.
[INFO DRT-0168] Init region query.
[INFO DRT-0024]   Complete FR_MASTERSLICE.
[INFO DRT-0024]   Complete licon.
[INFO DRT-0024]   Complete li1.
[INFO DRT-0024]   Complete mcon.
[INFO DRT-0024]   Complete met1.
[INFO DRT-0024]   Complete via.
[INFO DRT-0024]   Complete met2.
[INFO DRT-0024]   Complete via2.
[INFO DRT-0024]   Complete met3.
[INFO DRT-0024]   Complete via3.
[INFO DRT-0024]   Complete met4.
[INFO DRT-0024]   Complete via4.
[INFO DRT-0024]   Complete met5.
[INFO DRT-0033] FR_MASTERSLICE shape region query size = 0.
[INFO DRT-0033] licon shape region query size = 0.
[INFO DRT-0033] li1 shape region query size = 5962.
[INFO DRT-0033] mcon shape region query size = 0.
[INFO DRT-0033] met1 shape region query size = 1006.
[INFO DRT-0033] via shape region query size = 115.
[INFO DRT-0033] met2 shape region query size = 87.
[INFO DRT-0033] via2 shape region query size = 92.
[INFO DRT-0033] met3 shape region query size = 83.
[INFO DRT-0033] via3 shape region query size = 92.
[INFO DRT-0033] met4 shape region query size = 29.
[INFO DRT-0033] via4 shape region query size = 2.
[INFO DRT-0033] met5 shape region query size = 6.
[INFO DRT-0165] Start pin access.
[INFO DRT-0078]   Complete 649 pins.
[INFO DRT-0081]   Complete 91 unique inst patterns.
[INFO DRT-0084]   Complete 118 groups.
#scanned instances     = 262
#unique  instances     = 91
#stdCellGenAp          = 2313
#stdCellValidPlanarAp  = 44
#stdCellValidViaAp     = 1730
#stdCellPinNoAp        = 0
#stdCellPinCnt         = 532
#instTermValidViaApCnt = 0
#macroGenAp            = 0
#macroValidPlanarAp    = 0
#macroValidViaAp       = 0
#macroNoAp             = 0
[INFO DRT-0166] Complete pin access.
[INFO DRT-0267] cpu time = 00:00:43, elapsed time = 00:00:03, memory = 110.80 (MB), peak = 110.80 (MB)

[INFO DRT-0157] Number of guides:     1222

[INFO DRT-0169] Post process guides.
[INFO DRT-0176] GCELLGRID X 0 DO 10 STEP 6900 ;
[INFO DRT-0177] GCELLGRID Y 0 DO 11 STEP 6900 ;
[INFO DRT-0028]   Complete FR_MASTERSLICE.
[INFO DRT-0028]   Complete licon.
[INFO DRT-0028]   Complete li1.
[INFO DRT-0028]   Complete mcon.
[INFO DRT-0028]   Complete met1.
[INFO DRT-0028]   Complete via.
[INFO DRT-0028]   Complete met2.
[INFO DRT-0028]   Complete via2.
[INFO DRT-0028]   Complete met3.
[INFO DRT-0028]   Complete via3.
[INFO DRT-0028]   Complete met4.
[INFO DRT-0028]   Complete via4.
[INFO DRT-0028]   Complete met5.
[INFO DRT-0178] Init guide query.
[INFO DRT-0035]   Complete FR_MASTERSLICE (guide).
[INFO DRT-0035]   Complete licon (guide).
[INFO DRT-0035]   Complete li1 (guide).
[INFO DRT-0035]   Complete mcon (guide).
[INFO DRT-0035]   Complete met1 (guide).
[INFO DRT-0035]   Complete via (guide).
[INFO DRT-0035]   Complete met2 (guide).
[INFO DRT-0035]   Complete via2 (guide).
[INFO DRT-0035]   Complete met3 (guide).
[INFO DRT-0035]   Complete via3 (guide).
[INFO DRT-0035]   Complete met4 (guide).
[INFO DRT-0035]   Complete via4 (guide).
[INFO DRT-0035]   Complete met5 (guide).
[INFO DRT-0036] FR_MASTERSLICE guide region query size = 0.
[INFO DRT-0036] licon guide region query size = 0.
[INFO DRT-0036] li1 guide region query size = 407.
[INFO DRT-0036] mcon guide region query size = 0.
[INFO DRT-0036] met1 guide region query size = 361.
[INFO DRT-0036] via guide region query size = 0.
[INFO DRT-0036] met2 guide region query size = 200.
[INFO DRT-0036] via2 guide region query size = 0.
[INFO DRT-0036] met3 guide region query size = 19.
[INFO DRT-0036] via3 guide region query size = 0.
[INFO DRT-0036] met4 guide region query size = 2.
[INFO DRT-0036] via4 guide region query size = 0.
[INFO DRT-0036] met5 guide region query size = 0.
[INFO DRT-0179] Init gr pin query.
[INFO DRT-0267] cpu time = 00:00:00, elapsed time = 00:00:00, memory = 111.27 (MB), peak = 111.27 (MB)
[INFO DRT-0245] skipped writing guide updates to database.
[INFO DRT-0185] Post process initialize RPin region query.
[INFO DRT-0181] Start track assignment.
[INFO DRT-0184] Done with 609 vertical wires in 1 frboxes and 380 horizontal wires in 1 frboxes.
[INFO DRT-0186] Done with 46 vertical wires in 1 frboxes and 93 horizontal wires in 1 frboxes.
[INFO DRT-0182] Complete track assignment.
[INFO DRT-0267] cpu time = 00:00:00, elapsed time = 00:00:00, memory = 114.55 (MB), peak = 114.55 (MB)
[INFO DRT-0187] Start routing data preparation.
[INFO DRT-0267] cpu time = 00:00:00, elapsed time = 00:00:00, memory = 114.55 (MB), peak = 114.55 (MB)
[INFO DRT-0194] Start detail routing.
[INFO DRT-0195] Start 0th optimization iteration.
    Completing 20% with 0 violations.
    elapsed time = 00:00:00, memory = 123.41 (MB).
    Completing 50% with 16 violations.
    elapsed time = 00:00:01, memory = 136.54 (MB).
    Completing 70% with 21 violations.
    elapsed time = 00:00:01, memory = 144.50 (MB).
    Completing 100% with 30 violations.
    elapsed time = 00:00:01, memory = 147.47 (MB).
[INFO DRT-0199]   Number of violations = 62.
Viol/Layer        met1   met2   met3
Metal Spacing        5      0      4
Recheck             24      8      0
Short               21      0      0
[INFO DRT-0267] cpu time = 00:00:03, elapsed time = 00:00:01, memory = 508.41 (MB), peak = 508.41 (MB)
Total wire length = 3621 um.
Total wire length on LAYER li1 = 0 um.
Total wire length on LAYER met1 = 1638 um.
Total wire length on LAYER met2 = 1862 um.
Total wire length on LAYER met3 = 85 um.
Total wire length on LAYER met4 = 34 um.
Total wire length on LAYER met5 = 0 um.
Total number of vias = 1084.
Up-via summary (total 1084):

-----------------------
 FR_MASTERSLICE       0
            li1     509
           met1     555
           met2      18
           met3       2
           met4       0
-----------------------
               1084


[INFO DRT-0195] Start 1st optimization iteration.
    Completing 20% with 62 violations.
    elapsed time = 00:00:00, memory = 520.13 (MB).
    Completing 50% with 56 violations.
    elapsed time = 00:00:00, memory = 534.82 (MB).
    Completing 70% with 52 violations.
    elapsed time = 00:00:00, memory = 534.82 (MB).
    Completing 100% with 4 violations.
    elapsed time = 00:00:01, memory = 552.63 (MB).
[INFO DRT-0199]   Number of violations = 4.
Viol/Layer        met1
Metal Spacing        3
Short                1
[INFO DRT-0267] cpu time = 00:00:02, elapsed time = 00:00:01, memory = 553.72 (MB), peak = 553.72 (MB)
Total wire length = 3607 um.
Total wire length on LAYER li1 = 0 um.
Total wire length on LAYER met1 = 1652 um.
Total wire length on LAYER met2 = 1834 um.
Total wire length on LAYER met3 = 88 um.
Total wire length on LAYER met4 = 31 um.
Total wire length on LAYER met5 = 0 um.
Total number of vias = 1074.
Up-via summary (total 1074):

-----------------------
 FR_MASTERSLICE       0
            li1     511
           met1     542
           met2      19
           met3       2
           met4       0
-----------------------
               1074


[INFO DRT-0195] Start 2nd optimization iteration.
    Completing 10% with 4 violations.
    elapsed time = 00:00:00, memory = 553.72 (MB).
    Completing 20% with 4 violations.
    elapsed time = 00:00:00, memory = 553.72 (MB).
    Completing 30% with 4 violations.
    elapsed time = 00:00:00, memory = 553.72 (MB).
    Completing 40% with 4 violations.
    elapsed time = 00:00:00, memory = 553.72 (MB).
    Completing 50% with 4 violations.
    elapsed time = 00:00:00, memory = 553.72 (MB).
    Completing 60% with 4 violations.
    elapsed time = 00:00:00, memory = 553.72 (MB).
    Completing 70% with 4 violations.
    elapsed time = 00:00:00, memory = 553.72 (MB).
    Completing 80% with 4 violations.
    elapsed time = 00:00:00, memory = 553.72 (MB).
    Completing 100% with 18 violations.
    elapsed time = 00:00:01, memory = 567.09 (MB).
[INFO DRT-0199]   Number of violations = 18.
Viol/Layer        met1
Metal Spacing        4
Short               14
[INFO DRT-0267] cpu time = 00:00:03, elapsed time = 00:00:01, memory = 567.09 (MB), peak = 586.38 (MB)
Total wire length = 3615 um.
Total wire length on LAYER li1 = 0 um.
Total wire length on LAYER met1 = 1657 um.
Total wire length on LAYER met2 = 1834 um.
Total wire length on LAYER met3 = 88 um.
Total wire length on LAYER met4 = 36 um.
Total wire length on LAYER met5 = 0 um.
Total number of vias = 1075.
Up-via summary (total 1075):

-----------------------
 FR_MASTERSLICE       0
            li1     517
           met1     538
           met2      18
           met3       2
           met4       0
-----------------------
               1075


[INFO DRT-0195] Start 3rd optimization iteration.
    Completing 20% with 18 violations.
    elapsed time = 00:00:00, memory = 595.84 (MB).
    Completing 50% with 2 violations.
    elapsed time = 00:00:00, memory = 595.84 (MB).
    Completing 70% with 2 violations.
    elapsed time = 00:00:00, memory = 600.21 (MB).
    Completing 100% with 0 violations.
    elapsed time = 00:00:00, memory = 600.21 (MB).
[INFO DRT-0199]   Number of violations = 0.
[INFO DRT-0267] cpu time = 00:00:02, elapsed time = 00:00:00, memory = 600.21 (MB), peak = 600.21 (MB)
Total wire length = 3612 um.
Total wire length on LAYER li1 = 0 um.
Total wire length on LAYER met1 = 1624 um.
Total wire length on LAYER met2 = 1840 um.
Total wire length on LAYER met3 = 111 um.
Total wire length on LAYER met4 = 36 um.
Total wire length on LAYER met5 = 0 um.
Total number of vias = 1084.
Up-via summary (total 1084):

-----------------------
 FR_MASTERSLICE       0
            li1     517
           met1     543
           met2      22
           met3       2
           met4       0
-----------------------
               1084


[INFO DRT-0198] Complete detail routing.
Total wire length = 3612 um.
Total wire length on LAYER li1 = 0 um.
Total wire length on LAYER met1 = 1624 um.
Total wire length on LAYER met2 = 1840 um.
Total wire length on LAYER met3 = 111 um.
Total wire length on LAYER met4 = 36 um.
Total wire length on LAYER met5 = 0 um.
Total number of vias = 1084.
Up-via summary (total 1084):

-----------------------
 FR_MASTERSLICE       0
            li1     517
           met1     543
           met2      22
           met3       2
           met4       0
-----------------------
               1084


[INFO DRT-0267] cpu time = 00:00:11, elapsed time = 00:00:05, memory = 600.21 (MB), peak = 600.21 (MB)

[INFO DRT-0180] Post processing.
[INFO] Skipping post-DRT antenna repair: DRT_ANTENNA_REPAIR_ITERS set to 0.
Setting global connections for newly added cells…
[INFO] Setting global connections...
Updating metrics…
Cell type report:                       Count       Area
  Fill cell                                44     165.16
  Tap cell                                 48      60.06
  Clock buffer                              9     203.95
  Timing Repair Buffer                     50     247.74
  Inverter                                  4      15.01
  Clock inverter                            3      15.01
  Sequential cell                          30     789.51
  Multi-Input combinational cell           74     600.58
  Total                                   262    2097.01
Writing OpenROAD database to '/foss/designs/modulo4/lab02/runs/RUN_2026-05-12_18-02-55/37-openroad-detailedrouting/sar_controller.odb'…
Writing netlist to '/foss/designs/modulo4/lab02/runs/RUN_2026-05-12_18-02-55/37-openroad-detailedrouting/sar_controller.nl.v'…
Writing powered netlist to '/foss/designs/modulo4/lab02/runs/RUN_2026-05-12_18-02-55/37-openroad-detailedrouting/sar_controller.pnl.v'…
Writing layout to '/foss/designs/modulo4/lab02/runs/RUN_2026-05-12_18-02-55/37-openroad-detailedrouting/sar_controller.def'…
Writing timing constraints to '/foss/designs/modulo4/lab02/runs/RUN_2026-05-12_18-02-55/37-openroad-detailedrouting/sar_controller.sdc'…
