Clock: clk
Sources: clk 
Generated: no
Virtual: yes
Propagated: no
Period: 50.000000

===========================================================================
report_clock_properties
============================================================================
Clock                   Period          Waveform
----------------------------------------------------
clk                  50.000000    0.000000 25.000000

===========================================================================
report_clock_latency
============================================================================
Clock clk
rise -> rise
    min     max
0.000000 0.000000 source latency
0.500682         network latency _161_/CLK
        0.505032 network latency _172_/CLK
---------------
0.500682 0.505032 latency
        0.004349 skew

fall -> fall
    min     max
0.000000 0.000000 source latency
0.480661         network latency _161_/CLK
        0.484476 network latency _172_/CLK
---------------
0.480661 0.484476 latency
        0.003816 skew



===========================================================================
report_clock_min_period
============================================================================
clk period_min = 2.20 fmax = 455.19
