Clock: clk
Sources: clk 
Generated: no
Virtual: yes
Propagated: no
Period: 50.000000

===========================================================================
report_clock_properties
============================================================================
Clock                   Period          Waveform
----------------------------------------------------
clk                  50.000000    0.000000 25.000000

===========================================================================
report_clock_latency
============================================================================
Clock clk
rise -> rise
    min     max
0.000000 0.000000 source latency
0.338183         network latency _159_/CLK
        0.344071 network latency _176_/CLK
---------------
0.338183 0.344071 latency
        0.005888 skew

fall -> fall
    min     max
0.000000 0.000000 source latency
0.322965         network latency _159_/CLK
        0.328084 network latency _176_/CLK
---------------
0.322965 0.328084 latency
        0.005119 skew



===========================================================================
report_clock_min_period
============================================================================
clk period_min = 1.45 fmax = 688.03
