Reading timing models for corner nom_tt_025C_1v80…
Reading timing library for the 'nom_tt_025C_1v80' corner at '/foss/pdks/sky130A/libs.ref/sky130_fd_sc_hd/lib/sky130_fd_sc_hd__tt_025C_1v80.lib'…
Reading OpenROAD database at '/foss/designs/modulo4/lab02/runs/util_30/20-odb-customioplacement/sar_controller.odb'…
Reading design constraints file at '/usr/local/lib/python3.12/dist-packages/librelane/scripts/base.sdc'…
[INFO] Using clock clk…
[INFO] Setting output delay to: 10.0
[INFO] Setting input delay to: 10.0
[INFO] Setting load to: 0.033442
[INFO] Setting clock uncertainty to: 0.25
[INFO] Setting clock transition to: 0.1499999999999999944488848768742172978818416595458984375
[INFO] Setting timing derate to: 5%
[INFO] Setting signal min routing layer to: met1 and clock min routing layer to met1. 
[INFO] Setting signal max routing layer to: met5 and clock max routing layer to met5. 
+ global_placement -density 0.45 -timing_driven -routability_driven -pad_right 0 -pad_left 0 -init_wirelength_coef 0.25
[INFO GPL-0002] DBU: 1000
[INFO GPL-0003] SiteSize: (  0.460  2.720 ) um
[INFO GPL-0004] CoreBBox: (  5.520 10.880 ) ( 74.520 78.880 ) um
[INFO GPL-0006] Number of instances:               225
[INFO GPL-0007] Movable instances:                 108
[INFO GPL-0008] Fixed instances:                   117
[INFO GPL-0009] Dummy instances:                     0
[INFO GPL-0010] Number of nets:                    112
[INFO GPL-0011] Number of pins:                    443
[INFO GPL-0012] Die BBox:  (  0.000  0.000 ) ( 80.415 91.135 ) um
[INFO GPL-0013] Core BBox: (  5.520 10.880 ) ( 74.520 78.880 ) um
[INFO GPL-0016] Core area:                    4692.000 um^2
[INFO GPL-0017] Fixed instances area:          271.510 um^2
[INFO GPL-0018] Movable instances area:       1443.885 um^2
[INFO GPL-0019] Utilization:                    32.663 %
[INFO GPL-0020] Standard cells area:          1443.885 um^2
[INFO GPL-0021] Large instances area:            0.000 um^2
[InitialPlace]  Iter: 1 conjugate gradient residual: 0.00000009 HPWL: 2717780
[InitialPlace]  Iter: 2 conjugate gradient residual: 0.00000009 HPWL: 2788754
[InitialPlace]  Iter: 3 conjugate gradient residual: 0.00000012 HPWL: 2683954
[InitialPlace]  Iter: 4 conjugate gradient residual: 0.00000006 HPWL: 2592737
[InitialPlace]  Iter: 5 conjugate gradient residual: 0.00000006 HPWL: 2538756
[INFO GPL-0023] Placement target density:       0.4500
[INFO GPL-0024] Movable insts average area:     13.369 um^2
[INFO GPL-0025] Ideal bin area:                 29.710 um^2
[INFO GPL-0026] Ideal bin count:                   157
[INFO GPL-0027] Total bin area:               4692.000 um^2
[INFO GPL-0028] Bin count (X, Y):           8 ,      8
[INFO GPL-0029] Bin size (W * H):       8.625 *  8.500 um
[INFO GPL-0030] Number of bins:                     64
[INFO GPL-0031] HPWL: Half-Perimeter Wirelength
Iteration | Overflow |     HPWL (um) |  HPWL(%) |   Penalty | Group
---------------------------------------------------------------
        1 |   0.7958 |  1.901210e+06 |   +0.00% |  4.50e-14 |      
[INFO GPL-0100] Timing-driven iteration 1/5, virtual: false.
[INFO GPL-0101]    Iter: 2, overflow: 0.730, keep resizer changes at: 1.0, HPWL: 1898192
Iteration |   Area    | Resized | Buffers | Nets repaired | Remaining
---------------------------------------------------------------------
        0 |     +0.0% |       0 |       0 |             0 |       112
    final |     +1.4% |     106 |      12 |             6 |         0
---------------------------------------------------------------------
[INFO RSZ-0035] Found 6 fanout violations.
[INFO RSZ-0039] Resized 106 instances.
[INFO RSZ-0038] Inserted 12 buffers in 6 nets.
   Iter   |    Area   | Removed | Inserted |   Pins
          |           | Buffers | Buffers  | Remaining
-------------------------------------------------------
        0 |     +0.0% |       0 |        0 |       107
       10 |     +0.0% |       0 |        0 |        97
       20 |     +0.0% |       0 |        0 |        87
       30 |     +0.0% |       0 |        0 |        77
       40 |     +0.0% |       0 |        0 |        67
       50 |     +0.0% |       0 |        0 |        57
       60 |     +0.0% |       1 |        1 |        47
       70 |     +0.0% |       1 |        1 |        37
       80 |     +0.0% |       1 |        1 |        27
       90 |     +0.0% |       1 |        1 |        17
      100 |     -0.8% |       8 |        5 |         7
    final |     -0.8% |       8 |        5 |         0
-------------------------------------------------------
[INFO GPL-0106] Timing-driven: worst slack -1e-08
[INFO GPL-0107] Timing-driven: repair_design delta area: 8.758 um^2 (+0.61%)
[INFO GPL-0108] Timing-driven: repair_design, gpl cells created: 9 (+0.00%)
[INFO GPL-0110] Timing-driven: new target density: 0.4519813
[INFO GPL-0100] Timing-driven iteration 2/5, virtual: false.
[INFO GPL-0101]    Iter: 6, overflow: 0.631, keep resizer changes at: 1.0, HPWL: 2104553
Iteration |   Area    | Resized | Buffers | Nets repaired | Remaining
---------------------------------------------------------------------
        0 |     +0.0% |       0 |       0 |             0 |       121
    final |     +1.6% |      49 |       0 |             0 |         0
---------------------------------------------------------------------
[INFO RSZ-0039] Resized 49 instances.
   Iter   |    Area   | Removed | Inserted |   Pins
          |           | Buffers | Buffers  | Remaining
-------------------------------------------------------
        0 |     +0.0% |       0 |        0 |       107
       10 |     +0.0% |       0 |        0 |        97
       20 |     +0.0% |       0 |        0 |        87
       30 |     +0.0% |       0 |        0 |        77
       40 |     +0.0% |       0 |        0 |        67
       50 |     +0.0% |       0 |        0 |        57
       60 |     +0.0% |       1 |        1 |        47
       70 |     +0.0% |       1 |        1 |        37
       80 |     +0.0% |       1 |        1 |        27
       90 |     +0.0% |       1 |        1 |        17
      100 |     +0.0% |       5 |        5 |         7
    final |     +0.0% |       5 |        5 |         0
-------------------------------------------------------
[INFO GPL-0106] Timing-driven: worst slack -1e-08
[INFO GPL-0107] Timing-driven: repair_design delta area: 22.522 um^2 (+1.55%)
[INFO GPL-0108] Timing-driven: repair_design, gpl cells created: 0 (+0.00%)
[INFO GPL-0110] Timing-driven: new target density: 0.45707613
Iteration | Overflow |     HPWL (um) |  HPWL(%) |   Penalty | Group
---------------------------------------------------------------
       10 |   0.5985 |  2.167312e+06 |  +14.00% |  6.98e-14 |      
[INFO GPL-0038] Routability snapshot saved at iter = 9
       20 |   0.6081 |  2.159891e+06 |   -0.34% |  1.14e-13 |      
       30 |   0.6098 |  2.158651e+06 |   -0.06% |  1.85e-13 |      
       40 |   0.6084 |  2.160152e+06 |   +0.07% |  3.02e-13 |      
       50 |   0.6092 |  2.159348e+06 |   -0.04% |  4.91e-13 |      
       60 |   0.6086 |  2.159889e+06 |   +0.03% |  8.00e-13 |      
       70 |   0.6089 |  2.159633e+06 |   -0.01% |  1.30e-12 |      
       80 |   0.6086 |  2.159845e+06 |   +0.01% |  2.12e-12 |      
       90 |   0.6085 |  2.159864e+06 |   +0.00% |  3.46e-12 |      
      100 |   0.6081 |  2.160047e+06 |   +0.01% |  5.64e-12 |      
      110 |   0.6076 |  2.160365e+06 |   +0.01% |  9.18e-12 |      
      120 |   0.6068 |  2.160910e+06 |   +0.03% |  1.50e-11 |      
      130 |   0.6055 |  2.161950e+06 |   +0.05% |  2.44e-11 |      
      140 |   0.6034 |  2.163834e+06 |   +0.09% |  3.97e-11 |      
      150 |   0.6002 |  2.167081e+06 |   +0.15% |  6.46e-11 |      
      160 |   0.5966 |  2.172601e+06 |   +0.25% |  1.05e-10 |      
      170 |   0.5908 |  2.180742e+06 |   +0.37% |  1.71e-10 |      
      180 |   0.5819 |  2.193237e+06 |   +0.57% |  2.79e-10 |      
      190 |   0.5700 |  2.211189e+06 |   +0.82% |  4.55e-10 |      
      200 |   0.5614 |  2.238497e+06 |   +1.23% |  7.41e-10 |      
      210 |   0.5470 |  2.275593e+06 |   +1.66% |  1.21e-09 |      
      220 |   0.5208 |  2.323108e+06 |   +2.09% |  1.97e-09 |      
      230 |   0.4861 |  2.367604e+06 |   +1.92% |  3.20e-09 |      
      240 |   0.4508 |  2.419346e+06 |   +2.19% |  5.22e-09 |      
      250 |   0.4218 |  2.483800e+06 |   +2.66% |  8.50e-09 |      
      260 |   0.3862 |  2.543294e+06 |   +2.40% |  1.38e-08 |      
      270 |   0.3428 |  2.593386e+06 |   +1.97% |  2.25e-08 |      
      280 |   0.3077 |  2.627755e+06 |   +1.33% |  3.32e-08 |      
[INFO GPL-0040] Routability iteration: 1
[INFO GPL-0041] Total routing overflow: 0.0431
[INFO GPL-0042] Number of overflowed tiles: 1 (0.70%)
[INFO GPL-0043] Average top 0.5% routing congestion: 1.0431
[INFO GPL-0044] Average top 1.0% routing congestion: 1.0130
[INFO GPL-0045] Average top 2.0% routing congestion: 0.9907
[INFO GPL-0046] Average top 5.0% routing congestion: 0.9094
[INFO GPL-0047] Routability iteration weighted routing congestion: 1.0280
[INFO GPL-0048] Routing congestion (1.0280) lower than previous minimum (1e+30). Updating minimum.
[INFO GPL-0051] Inflated area:                   7.259 um^2 (+0.49%)
[INFO GPL-0052] Placement target density:       0.4571
[INFO GPL-0076] Removing fillers, count: Before: 41, After: 41 (+0.00%)
[INFO GPL-0077] Filler area (um^2)     : Before: 545.336, After: 534.627 (-1.96%)
[INFO GPL-0078] Removed fillers count: 0, area removed: 0.000 um^2. Remaining area to be compensated by modifying density: 7.259 um^2
[INFO GPL-0058] White space area:             4420.490 um^2 (+0.00%)
[INFO GPL-0059] Movable instances area:       1989.220 um^2 (+0.00%)
[INFO GPL-0060] Total filler area:             534.627 um^2 (-1.96%)
[INFO GPL-0061] Total non-inflated area:      2017.051 um^2 (-0.17%)
[INFO GPL-0062] Total inflated area:          2024.310 um^2 (-0.17%)
[INFO GPL-0063] New Target Density:             0.4571
[INFO GPL-0087] Routability end iteration: reverting from divergence.
Iteration | Overflow |     HPWL (um) |  HPWL(%) |   Penalty | Group
---------------------------------------------------------------
      290 |   0.6079 |  2.161603e+06 |  -17.74% |  9.61e-14 |      
      300 |   0.6125 |  2.157645e+06 |   -0.18% |  1.42e-13 |      
      310 |   0.6097 |  2.160800e+06 |   +0.15% |  2.09e-13 |      
      320 |   0.6112 |  2.159244e+06 |   -0.07% |  3.07e-13 |      
      330 |   0.6104 |  2.160036e+06 |   +0.04% |  4.53e-13 |      
      340 |   0.6108 |  2.159672e+06 |   -0.02% |  6.67e-13 |      
      350 |   0.6106 |  2.159895e+06 |   +0.01% |  9.82e-13 |      
      360 |   0.6106 |  2.159837e+06 |   -0.00% |  1.45e-12 |      
      370 |   0.6104 |  2.159931e+06 |   +0.00% |  2.13e-12 |      
      380 |   0.6103 |  2.160060e+06 |   +0.01% |  3.14e-12 |      
      390 |   0.6100 |  2.160259e+06 |   +0.01% |  4.63e-12 |      
      400 |   0.6097 |  2.160567e+06 |   +0.01% |  6.82e-12 |      
      410 |   0.6092 |  2.161110e+06 |   +0.03% |  1.00e-11 |      
      420 |   0.6085 |  2.161914e+06 |   +0.04% |  1.48e-11 |      
      430 |   0.6075 |  2.163165e+06 |   +0.06% |  2.18e-11 |      
      440 |   0.6060 |  2.164906e+06 |   +0.08% |  3.21e-11 |      
      450 |   0.6039 |  2.167255e+06 |   +0.11% |  4.73e-11 |      
      460 |   0.6013 |  2.170083e+06 |   +0.13% |  6.97e-11 |      
      470 |   0.5985 |  2.173792e+06 |   +0.17% |  1.03e-10 |      
      480 |   0.5941 |  2.179722e+06 |   +0.27% |  1.51e-10 |      
      490 |   0.5880 |  2.188365e+06 |   +0.40% |  2.23e-10 |      
      500 |   0.5795 |  2.200095e+06 |   +0.54% |  3.28e-10 |      
      510 |   0.5699 |  2.215938e+06 |   +0.72% |  4.83e-10 |      
      520 |   0.5638 |  2.238433e+06 |   +1.02% |  7.12e-10 |      
      530 |   0.5535 |  2.266298e+06 |   +1.24% |  1.05e-09 |      
      540 |   0.5373 |  2.301500e+06 |   +1.55% |  1.55e-09 |      
      550 |   0.5107 |  2.336951e+06 |   +1.54% |  2.28e-09 |      
      560 |   0.4824 |  2.375057e+06 |   +1.63% |  3.35e-09 |      
      570 |   0.4556 |  2.415672e+06 |   +1.71% |  4.94e-09 |      
      580 |   0.4336 |  2.465385e+06 |   +2.06% |  7.28e-09 |      
      590 |   0.4064 |  2.513874e+06 |   +1.97% |  1.07e-08 |      
      600 |   0.3764 |  2.559530e+06 |   +1.82% |  1.58e-08 |      
      610 |   0.3410 |  2.599280e+06 |   +1.55% |  2.33e-08 |      
      620 |   0.3054 |  2.637592e+06 |   +1.47% |  3.43e-08 |      
[INFO GPL-0040] Routability iteration: 2
[INFO GPL-0041] Total routing overflow: 0.0475
[INFO GPL-0042] Number of overflowed tiles: 1 (0.70%)
[INFO GPL-0043] Average top 0.5% routing congestion: 1.0475
[INFO GPL-0044] Average top 1.0% routing congestion: 1.0125
[INFO GPL-0045] Average top 2.0% routing congestion: 0.9851
[INFO GPL-0046] Average top 5.0% routing congestion: 0.9076
[INFO GPL-0047] Routability iteration weighted routing congestion: 1.0300
[INFO GPL-0049] Routing congestion (1.0300) higher than minimum (1.0280). Consecutive non-improvement count: 1.
[INFO GPL-0051] Inflated area:                   9.085 um^2 (+0.61%)
[INFO GPL-0052] Placement target density:       0.4571
[INFO GPL-0076] Removing fillers, count: Before: 41, After: 41 (+0.00%)
[INFO GPL-0077] Filler area (um^2)     : Before: 534.627, After: 534.627 (+0.00%)
[INFO GPL-0078] Removed fillers count: 0, area removed: 0.000 um^2. Remaining area to be compensated by modifying density: 9.085 um^2
[INFO GPL-0058] White space area:             4420.490 um^2 (+0.00%)
[INFO GPL-0059] Movable instances area:       1989.220 um^2 (+0.00%)
[INFO GPL-0060] Total filler area:             534.627 um^2 (+0.00%)
[INFO GPL-0061] Total non-inflated area:      2026.136 um^2 (+0.45%)
[INFO GPL-0062] Total inflated area:          2035.221 um^2 (+0.45%)
[INFO GPL-0063] New Target Density:             0.4571
[INFO GPL-0087] Routability end iteration: reverting from divergence.
Iteration | Overflow |     HPWL (um) |  HPWL(%) |   Penalty | Group
---------------------------------------------------------------
      630 |   0.6102 |  2.161847e+06 |  -18.04% |  9.61e-14 |      
      640 |   0.6148 |  2.157758e+06 |   -0.19% |  1.42e-13 |      
      650 |   0.6120 |  2.160921e+06 |   +0.15% |  2.09e-13 |      
      660 |   0.6135 |  2.159375e+06 |   -0.07% |  3.07e-13 |      
      670 |   0.6127 |  2.160192e+06 |   +0.04% |  4.53e-13 |      
      680 |   0.6130 |  2.159820e+06 |   -0.02% |  6.67e-13 |      
      690 |   0.6128 |  2.160013e+06 |   +0.01% |  9.82e-13 |      
      700 |   0.6128 |  2.159987e+06 |   -0.00% |  1.45e-12 |      
      710 |   0.6126 |  2.160144e+06 |   +0.01% |  2.13e-12 |      
      720 |   0.6125 |  2.160250e+06 |   +0.00% |  3.14e-12 |      
      730 |   0.6122 |  2.160527e+06 |   +0.01% |  4.63e-12 |      
      740 |   0.6119 |  2.160946e+06 |   +0.02% |  6.82e-12 |      
      750 |   0.6114 |  2.161564e+06 |   +0.03% |  1.00e-11 |      
      760 |   0.6106 |  2.162476e+06 |   +0.04% |  1.48e-11 |      
      770 |   0.6096 |  2.163801e+06 |   +0.06% |  2.18e-11 |      
      780 |   0.6081 |  2.165603e+06 |   +0.08% |  3.21e-11 |      
      790 |   0.6060 |  2.168000e+06 |   +0.11% |  4.73e-11 |      
      800 |   0.6035 |  2.170754e+06 |   +0.13% |  6.97e-11 |      
      810 |   0.6007 |  2.174357e+06 |   +0.17% |  1.03e-10 |      
      820 |   0.5962 |  2.180453e+06 |   +0.28% |  1.51e-10 |      
      830 |   0.5900 |  2.189375e+06 |   +0.41% |  2.23e-10 |      
      840 |   0.5816 |  2.201298e+06 |   +0.54% |  3.28e-10 |      
      850 |   0.5723 |  2.217457e+06 |   +0.73% |  4.83e-10 |      
      860 |   0.5658 |  2.240567e+06 |   +1.04% |  7.12e-10 |      
      870 |   0.5553 |  2.269037e+06 |   +1.27% |  1.05e-09 |      
      880 |   0.5386 |  2.304552e+06 |   +1.57% |  1.55e-09 |      
      890 |   0.5122 |  2.339612e+06 |   +1.52% |  2.28e-09 |      
      900 |   0.4833 |  2.378250e+06 |   +1.65% |  3.35e-09 |      
      910 |   0.4572 |  2.419409e+06 |   +1.73% |  4.94e-09 |      
      920 |   0.4354 |  2.470671e+06 |   +2.12% |  7.28e-09 |      
      930 |   0.4081 |  2.518886e+06 |   +1.95% |  1.07e-08 |      
      940 |   0.3774 |  2.564929e+06 |   +1.83% |  1.58e-08 |      
      950 |   0.3419 |  2.605775e+06 |   +1.59% |  2.33e-08 |      
      960 |   0.3062 |  2.642763e+06 |   +1.42% |  3.43e-08 |      
[INFO GPL-0040] Routability iteration: 3
[INFO GPL-0041] Total routing overflow: 0.0497
[INFO GPL-0042] Number of overflowed tiles: 1 (0.70%)
[INFO GPL-0043] Average top 0.5% routing congestion: 1.0497
[INFO GPL-0044] Average top 1.0% routing congestion: 1.0125
[INFO GPL-0045] Average top 2.0% routing congestion: 0.9812
[INFO GPL-0046] Average top 5.0% routing congestion: 0.9057
[INFO GPL-0047] Routability iteration weighted routing congestion: 1.0311
[INFO GPL-0049] Routing congestion (1.0311) higher than minimum (1.0280). Consecutive non-improvement count: 2.
[INFO GPL-0051] Inflated area:                  10.983 um^2 (+0.74%)
[INFO GPL-0052] Placement target density:       0.4571
[INFO GPL-0076] Removing fillers, count: Before: 41, After: 41 (+0.00%)
[INFO GPL-0077] Filler area (um^2)     : Before: 534.627, After: 534.627 (+0.00%)
[INFO GPL-0078] Removed fillers count: 0, area removed: 0.000 um^2. Remaining area to be compensated by modifying density: 10.983 um^2
[INFO GPL-0058] White space area:             4420.490 um^2 (+0.00%)
[INFO GPL-0059] Movable instances area:       1989.220 um^2 (+0.00%)
[INFO GPL-0060] Total filler area:             534.627 um^2 (+0.00%)
[INFO GPL-0061] Total non-inflated area:      2037.119 um^2 (+0.54%)
[INFO GPL-0062] Total inflated area:          2048.101 um^2 (+0.54%)
[INFO GPL-0063] New Target Density:             0.4571
[INFO GPL-0087] Routability end iteration: reverting from divergence.
Iteration | Overflow |     HPWL (um) |  HPWL(%) |   Penalty | Group
---------------------------------------------------------------
      970 |   0.6129 |  2.162000e+06 |  -18.19% |  9.61e-14 |      
      980 |   0.6174 |  2.157861e+06 |   -0.19% |  1.42e-13 |      
      990 |   0.6147 |  2.161016e+06 |   +0.15% |  2.09e-13 |      
     1000 |   0.6161 |  2.159507e+06 |   -0.07% |  3.07e-13 |      
     1010 |   0.6154 |  2.160275e+06 |   +0.04% |  4.53e-13 |      
     1020 |   0.6157 |  2.159923e+06 |   -0.02% |  6.67e-13 |      
     1030 |   0.6155 |  2.160133e+06 |   +0.01% |  9.82e-13 |      
     1040 |   0.6155 |  2.160138e+06 |   +0.00% |  1.45e-12 |      
     1050 |   0.6153 |  2.160295e+06 |   +0.01% |  2.13e-12 |      
     1060 |   0.6151 |  2.160476e+06 |   +0.01% |  3.14e-12 |      
     1070 |   0.6149 |  2.160743e+06 |   +0.01% |  4.63e-12 |      
     1080 |   0.6145 |  2.161207e+06 |   +0.02% |  6.82e-12 |      
     1090 |   0.6140 |  2.161874e+06 |   +0.03% |  1.00e-11 |      
     1100 |   0.6132 |  2.162916e+06 |   +0.05% |  1.48e-11 |      
     1110 |   0.6122 |  2.164310e+06 |   +0.06% |  2.18e-11 |      
     1120 |   0.6107 |  2.166179e+06 |   +0.09% |  3.21e-11 |      
     1130 |   0.6085 |  2.168588e+06 |   +0.11% |  4.73e-11 |      
     1140 |   0.6061 |  2.171412e+06 |   +0.13% |  6.97e-11 |      
     1150 |   0.6032 |  2.174997e+06 |   +0.17% |  1.03e-10 |      
     1160 |   0.5987 |  2.181263e+06 |   +0.29% |  1.51e-10 |      
     1170 |   0.5924 |  2.190441e+06 |   +0.42% |  2.23e-10 |      
     1180 |   0.5840 |  2.202632e+06 |   +0.56% |  3.28e-10 |      
     1190 |   0.5750 |  2.219351e+06 |   +0.76% |  4.83e-10 |      
     1200 |   0.5682 |  2.243071e+06 |   +1.07% |  7.12e-10 |      
     1210 |   0.5573 |  2.272225e+06 |   +1.30% |  1.05e-09 |      
     1220 |   0.5401 |  2.308171e+06 |   +1.58% |  1.55e-09 |      
     1230 |   0.5137 |  2.343221e+06 |   +1.52% |  2.28e-09 |      
     1240 |   0.4843 |  2.382435e+06 |   +1.67% |  3.35e-09 |      
     1250 |   0.4590 |  2.424123e+06 |   +1.75% |  4.94e-09 |      
     1260 |   0.4378 |  2.477038e+06 |   +2.18% |  7.28e-09 |      
     1270 |   0.4101 |  2.525131e+06 |   +1.94% |  1.07e-08 |      
     1280 |   0.3786 |  2.571379e+06 |   +1.83% |  1.58e-08 |      
     1290 |   0.3433 |  2.613362e+06 |   +1.63% |  2.33e-08 |      
     1300 |   0.3074 |  2.649345e+06 |   +1.38% |  3.43e-08 |      
[INFO GPL-0040] Routability iteration: 4
[INFO GPL-0041] Total routing overflow: 0.0508
[INFO GPL-0042] Number of overflowed tiles: 1 (0.70%)
[INFO GPL-0043] Average top 0.5% routing congestion: 1.0508
[INFO GPL-0044] Average top 1.0% routing congestion: 1.0121
[INFO GPL-0045] Average top 2.0% routing congestion: 0.9781
[INFO GPL-0046] Average top 5.0% routing congestion: 0.9046
[INFO GPL-0047] Routability iteration weighted routing congestion: 1.0315
[INFO GPL-0049] Routing congestion (1.0315) higher than minimum (1.0280). Consecutive non-improvement count: 3.
[INFO GPL-0051] Inflated area:                  11.178 um^2 (+0.74%)
[INFO GPL-0052] Placement target density:       0.4571
[INFO GPL-0076] Removing fillers, count: Before: 41, After: 41 (+0.00%)
[INFO GPL-0077] Filler area (um^2)     : Before: 534.627, After: 534.627 (+0.00%)
[INFO GPL-0078] Removed fillers count: 0, area removed: 0.000 um^2. Remaining area to be compensated by modifying density: 11.178 um^2
[INFO GPL-0054] No improvement in routing congestion for 3 consecutive iterations (limit is 3).
[INFO GPL-0055] Reverting inflation values and target density from the iteration with minimum observed routing congestion.
[INFO GPL-0056] Minimum observed routing congestion: 1.0280
[INFO GPL-0057] Target density at minimum routing congestion: 0.4571
[INFO GPL-0080] Restoring 0 previously removed fillers.
[INFO GPL-0089] Routability finished. Reverting to minimal observed routing congestion, could not reach target.
Iteration | Overflow |     HPWL (um) |  HPWL(%) |   Penalty | Group
---------------------------------------------------------------
     1310 |   0.5955 |  2.160835e+06 |  -18.44% |  9.61e-14 |      
     1320 |   0.5998 |  2.157050e+06 |   -0.18% |  1.42e-13 |      
     1330 |   0.5971 |  2.160125e+06 |   +0.14% |  2.09e-13 |      
     1340 |   0.5985 |  2.158620e+06 |   -0.07% |  3.07e-13 |      
     1350 |   0.5978 |  2.159381e+06 |   +0.04% |  4.53e-13 |      
     1360 |   0.5981 |  2.159069e+06 |   -0.01% |  6.67e-13 |      
     1370 |   0.5979 |  2.159275e+06 |   +0.01% |  9.82e-13 |      
     1380 |   0.5979 |  2.159260e+06 |   -0.00% |  1.45e-12 |      
     1390 |   0.5977 |  2.159394e+06 |   +0.01% |  2.13e-12 |      
     1400 |   0.5976 |  2.159556e+06 |   +0.01% |  3.14e-12 |      
     1410 |   0.5974 |  2.159856e+06 |   +0.01% |  4.63e-12 |      
     1420 |   0.5970 |  2.160286e+06 |   +0.02% |  6.82e-12 |      
     1430 |   0.5966 |  2.160897e+06 |   +0.03% |  1.00e-11 |      
     1440 |   0.5959 |  2.161795e+06 |   +0.04% |  1.48e-11 |      
     1450 |   0.5949 |  2.163053e+06 |   +0.06% |  2.18e-11 |      
     1460 |   0.5936 |  2.164802e+06 |   +0.08% |  3.21e-11 |      
     1470 |   0.5917 |  2.167007e+06 |   +0.10% |  4.73e-11 |      
     1480 |   0.5891 |  2.169422e+06 |   +0.11% |  6.97e-11 |      
     1490 |   0.5867 |  2.172380e+06 |   +0.14% |  1.03e-10 |      
     1500 |   0.5826 |  2.177931e+06 |   +0.26% |  1.51e-10 |      
     1510 |   0.5767 |  2.186062e+06 |   +0.37% |  2.23e-10 |      
     1520 |   0.5687 |  2.197071e+06 |   +0.50% |  3.28e-10 |      
     1530 |   0.5591 |  2.211919e+06 |   +0.68% |  4.83e-10 |      
     1540 |   0.5531 |  2.233117e+06 |   +0.96% |  7.12e-10 |      
     1550 |   0.5438 |  2.259874e+06 |   +1.20% |  1.05e-09 |      
     1560 |   0.5288 |  2.294037e+06 |   +1.51% |  1.55e-09 |      
     1570 |   0.5036 |  2.330659e+06 |   +1.60% |  2.28e-09 |      
     1580 |   0.4761 |  2.367589e+06 |   +1.58% |  3.35e-09 |      
     1590 |   0.4491 |  2.407643e+06 |   +1.69% |  4.94e-09 |      
     1600 |   0.4264 |  2.454127e+06 |   +1.93% |  7.28e-09 |      
     1610 |   0.3999 |  2.504365e+06 |   +2.05% |  1.07e-08 |      
     1620 |   0.3712 |  2.549723e+06 |   +1.81% |  1.58e-08 |      
     1630 |   0.3357 |  2.588073e+06 |   +1.50% |  2.33e-08 |      
     1640 |   0.3005 |  2.626764e+06 |   +1.49% |  3.43e-08 |      
[INFO GPL-0100] Timing-driven iteration 3/5, virtual: false.
[INFO GPL-0101]    Iter: 1645, overflow: 0.281, keep resizer changes at: 1.0, HPWL: 2636679
Iteration |   Area    | Resized | Buffers | Nets repaired | Remaining
---------------------------------------------------------------------
        0 |     +0.0% |       0 |       0 |             0 |       121
    final |     +0.3% |      47 |       0 |             0 |         0
---------------------------------------------------------------------
[INFO RSZ-0039] Resized 47 instances.
   Iter   |    Area   | Removed | Inserted |   Pins
          |           | Buffers | Buffers  | Remaining
-------------------------------------------------------
        0 |     +0.0% |       0 |        0 |       107
       10 |     +0.0% |       0 |        0 |        97
       20 |     +0.0% |       0 |        0 |        87
       30 |     +0.0% |       0 |        0 |        77
       40 |     +0.0% |       0 |        0 |        67
       50 |     +0.0% |       0 |        0 |        57
       60 |     +0.0% |       1 |        1 |        47
       70 |     +0.0% |       1 |        1 |        37
       80 |     +0.0% |       1 |        1 |        27
       90 |     +0.0% |       1 |        1 |        17
      100 |     +0.0% |       5 |        5 |         7
    final |     +0.0% |       5 |        5 |         0
-------------------------------------------------------
[INFO GPL-0106] Timing-driven: worst slack -1e-08
[INFO GPL-0107] Timing-driven: repair_design delta area: 5.005 um^2 (+0.33%)
[INFO GPL-0108] Timing-driven: repair_design, gpl cells created: 0 (+0.00%)
[INFO GPL-0110] Timing-driven: new target density: 0.4619677
Iteration | Overflow |     HPWL (um) |  HPWL(%) |   Penalty | Group
---------------------------------------------------------------
     1650 |   0.2485 |  2.651336e+06 |   +0.94% |  5.05e-08 |      
     1660 |   0.2199 |  2.632514e+06 |   -0.71% |  7.44e-08 |      
[INFO GPL-0100] Timing-driven iteration 4/5, virtual: false.
[INFO GPL-0101]    Iter: 1666, overflow: 0.202, keep resizer changes at: 1.0, HPWL: 2650221
Iteration |   Area    | Resized | Buffers | Nets repaired | Remaining
---------------------------------------------------------------------
        0 |     +0.0% |       0 |       0 |             0 |       121
    final |     -0.7% |      50 |       0 |             0 |         0
---------------------------------------------------------------------
[INFO RSZ-0039] Resized 50 instances.
   Iter   |    Area   | Removed | Inserted |   Pins
          |           | Buffers | Buffers  | Remaining
-------------------------------------------------------
        0 |     +0.0% |       0 |        0 |       107
       10 |     +0.0% |       0 |        0 |        97
       20 |     +0.0% |       0 |        0 |        87
       30 |     +0.0% |       0 |        0 |        77
       40 |     +0.0% |       0 |        0 |        67
       50 |     +0.0% |       0 |        0 |        57
       60 |     +0.0% |       1 |        1 |        47
       70 |     +0.0% |       1 |        1 |        37
       80 |     +0.0% |       1 |        1 |        27
       90 |     +0.0% |       1 |        1 |        17
      100 |     +0.0% |       5 |        5 |         7
    final |     +0.0% |       5 |        5 |         0
-------------------------------------------------------
[INFO GPL-0106] Timing-driven: worst slack -1e-08
[INFO GPL-0107] Timing-driven: repair_design delta area: -10.010 um^2 (-0.68%)
[INFO GPL-0108] Timing-driven: repair_design, gpl cells created: 0 (+0.00%)
[INFO GPL-0110] Timing-driven: new target density: 0.45352146
Iteration | Overflow |     HPWL (um) |  HPWL(%) |   Penalty | Group
---------------------------------------------------------------
     1670 |   0.1971 |  2.683158e+06 |   +1.92% |  1.10e-07 |      
     1680 |   0.1684 |  2.673230e+06 |   -0.37% |  1.61e-07 |      
[INFO GPL-0100] Timing-driven iteration 5/5, virtual: false.
[INFO GPL-0101]    Iter: 1686, overflow: 0.143, keep resizer changes at: 1.0, HPWL: 2681424
Iteration |   Area    | Resized | Buffers | Nets repaired | Remaining
---------------------------------------------------------------------
        0 |     +0.0% |       0 |       0 |             0 |       121
    final |     +0.3% |      49 |       0 |             0 |         0
---------------------------------------------------------------------
[INFO RSZ-0039] Resized 49 instances.
   Iter   |    Area   | Removed | Inserted |   Pins
          |           | Buffers | Buffers  | Remaining
-------------------------------------------------------
        0 |     +0.0% |       0 |        0 |       107
       10 |     +0.0% |       0 |        0 |        97
       20 |     +0.0% |       0 |        0 |        87
       30 |     +0.0% |       0 |        0 |        77
       40 |     +0.0% |       0 |        0 |        67
       50 |     +0.0% |       0 |        0 |        57
       60 |     +0.0% |       1 |        1 |        47
       70 |     +0.0% |       1 |        1 |        37
       80 |     +0.0% |       1 |        1 |        27
       90 |     +0.0% |       1 |        1 |        17
      100 |     +0.0% |       5 |        5 |         7
    final |     +0.0% |       5 |        5 |         0
-------------------------------------------------------
[INFO GPL-0106] Timing-driven: worst slack -1e-08
[INFO GPL-0107] Timing-driven: repair_design delta area: 5.005 um^2 (+0.34%)
[INFO GPL-0108] Timing-driven: repair_design, gpl cells created: 0 (+0.00%)
[INFO GPL-0110] Timing-driven: new target density: 0.45465365
Iteration | Overflow |     HPWL (um) |  HPWL(%) |   Penalty | Group
---------------------------------------------------------------
     1690 |   0.1304 |  2.724888e+06 |   +1.93% |  2.38e-07 |      
     1700 |   0.1123 |  2.724912e+06 |   +0.00% |  3.50e-07 |      
[INFO GPL-1001] Finished with Overflow: 0.097642
[INFO GPL-1002] Placed Cell Area             1475.1648
[INFO GPL-1003] Available Free Area          4420.4896
[INFO GPL-1004] Minimum Feasible Density        0.3300 (cell_area / free_area)
[INFO GPL-1006]   Suggested Target Densities:
[INFO GPL-1007]     - For 90% usage of free space: 0.3708
[INFO GPL-1008]     - For 80% usage of free space: 0.4171
[INFO GPL-1009]     - For 50% usage of free space: 0.6674
[INFO GPL-1010] Original area (um^2): 1443.88
[INFO GPL-1011] Total routability artificial inflation: 58.61 (+4.06%)
[INFO GPL-1012] Total timing-driven delta area: 31.28 (+2.17%)
[INFO GPL-1013] Final placement area: 1475.16 (+2.17%)
Setting global connections for newly added cells…
[INFO] Setting global connections...
Updating metrics…
Cell type report:                       Count       Area
  Fill cell                                50     187.68
  Tap cell                                 67      83.83
  Timing Repair Buffer                      9      33.78
  Inverter                                  4      17.52
  Sequential cell                          30     823.29
  Multi-Input combinational cell           74     600.58
  Total                                   234    1746.68
Writing OpenROAD database to '/foss/designs/modulo4/lab02/runs/util_30/22-openroad-globalplacement/sar_controller.odb'…
Writing netlist to '/foss/designs/modulo4/lab02/runs/util_30/22-openroad-globalplacement/sar_controller.nl.v'…
Writing powered netlist to '/foss/designs/modulo4/lab02/runs/util_30/22-openroad-globalplacement/sar_controller.pnl.v'…
Writing layout to '/foss/designs/modulo4/lab02/runs/util_30/22-openroad-globalplacement/sar_controller.def'…
Writing timing constraints to '/foss/designs/modulo4/lab02/runs/util_30/22-openroad-globalplacement/sar_controller.sdc'…
