Clock: clk
Sources: clk 
Generated: no
Virtual: yes
Propagated: no
Period: 50.000000

===========================================================================
report_clock_properties
============================================================================
Clock                   Period          Waveform
----------------------------------------------------
clk                  50.000000    0.000000 25.000000

===========================================================================
report_clock_latency
============================================================================
Clock clk
rise -> rise
    min     max
0.000000 0.000000 source latency
0.490859         network latency _159_/CLK
        0.498528 network latency _176_/CLK
---------------
0.490859 0.498528 latency
        0.007669 skew

fall -> fall
    min     max
0.000000 0.000000 source latency
0.474376         network latency _159_/CLK
        0.480943 network latency _176_/CLK
---------------
0.474376 0.480943 latency
        0.006567 skew



===========================================================================
report_clock_min_period
============================================================================
clk period_min = 2.20 fmax = 454.58
